------------------------------------------------------------------------------------------------------------------------

[2024-03-14 13:30:15 #1 store] 
Database '/home/ubuntu/DAM2/AD/Trimestre2/Ejercicios/3_evinopobjectdb/evinopobjectdb/src/evinopobjectdb/traballos.odb' is opened by 151468@ubuntupc

[2024-03-14 13:30:15 #2 store] 
Configuration path: /home/ubuntu/DAM2/AD/Trimestre2/Drivers/objectdb-2.8.9/objectdb.conf

------------------------------------------------------------------------------------------------------------------------

[2024-03-14 13:33:47 #1 store] 
Database '/home/ubuntu/DAM2/AD/Trimestre2/Ejercicios/3_evinopobjectdb/evinopobjectdb/src/evinopobjectdb/traballos.odb' is opened by 153788@ubuntupc

[2024-03-14 13:33:47 #2 store] 
Configuration path: /home/ubuntu/DAM2/AD/Trimestre2/Drivers/objectdb-2.8.9/objectdb.conf

[2024-03-14 13:33:57 #3 store] 
Database '/home/ubuntu/DAM2/AD/Trimestre2/Ejercicios/3_evinopobjectdb/evinopobjectdb/src/evinopobjectdb/traballos.odb' is closed by 153788@ubuntupc

[2024-03-14 13:33:57 #4 store] 
Database '/home/ubuntu/DAM2/AD/Trimestre2/Ejercicios/3_evinopobjectdb/evinopobjectdb/src/evinopobjectdb/traballos.odb' is opened by 153788@ubuntupc

[2024-03-14 13:33:57 #5 store] 
Configuration path: /home/ubuntu/DAM2/AD/Trimestre2/Drivers/objectdb-2.8.9/objectdb.conf

[2024-03-14 13:34:08 #6 store] 
Database '/home/ubuntu/DAM2/AD/Trimestre2/Ejercicios/3_evinopobjectdb/evinopobjectdb/src/evinopobjectdb/traballos.odb' is closed by 153788@ubuntupc

------------------------------------------------------------------------------------------------------------------------

[2024-03-14 13:50:06 #1 store] 
Database '/home/ubuntu/DAM2/AD/Trimestre2/Ejercicios/3_evinopobjectdb/evinopobjectdb/src/evinopobjectdb/traballos.odb' is opened by 158393@ubuntupc

[2024-03-14 13:50:06 #2 store] 
Configuration path: /home/ubuntu/DAM2/AD/Trimestre2/Drivers/objectdb-2.8.9/objectdb.conf

[2024-03-14 13:50:06 #3 type] 
Type evinopobjectdb.Analisis is not enhanced.

[2024-03-14 13:50:06 #4 type] 
Type evinopobjectdb.Uvas is not enhanced.

[2024-03-14 13:50:06 #5 type] 
Type evinopobjectdb.Clientes is not enhanced.

------------------------------------------------------------------------------------------------------------------------

[2024-03-14 13:50:32 #1 store] 
Database '/home/ubuntu/DAM2/AD/Trimestre2/Ejercicios/3_evinopobjectdb/evinopobjectdb/src/evinopobjectdb/traballos.odb' is opened by 158538@ubuntupc

[2024-03-14 13:50:32 #2 store] 
Configuration path: /home/ubuntu/DAM2/AD/Trimestre2/Drivers/objectdb-2.8.9/objectdb.conf

[2024-03-14 13:50:32 #3 type] 
Type evinopobjectdb.Analisis is not enhanced.

[2024-03-14 13:50:32 #4 type] 
Type evinopobjectdb.Uvas is not enhanced.

[2024-03-14 13:50:32 #5 type] 
Type evinopobjectdb.Clientes is not enhanced.

------------------------------------------------------------------------------------------------------------------------

[2024-03-14 14:08:22 #1 store] 
Database '/home/ubuntu/DAM2/AD/Trimestre2/Ejercicios/3_evinopobjectdb/evinopobjectdb/src/evinopobjectdb/traballos.odb' is opened by 163385@ubuntupc

[2024-03-14 14:08:22 #2 store] 
Configuration path: /home/ubuntu/DAM2/AD/Trimestre2/Drivers/objectdb-2.8.9/objectdb.conf

[2024-03-14 14:08:22 #3 type] 
Type evinopobjectdb.Analisis is not enhanced.

[2024-03-14 14:08:22 #4 type] 
Type evinopobjectdb.Uvas is not enhanced.

[2024-03-14 14:08:22 #5 type] 
Type evinopobjectdb.Clientes is not enhanced.

------------------------------------------------------------------------------------------------------------------------

[2024-03-14 14:15:25 #1 store] 
Database '/home/ubuntu/DAM2/AD/Trimestre2/Ejercicios/3_evinopobjectdb/evinopobjectdb/src/evinopobjectdb/traballos.odb' is opened by 165338@ubuntupc

[2024-03-14 14:15:25 #2 store] 
Configuration path: /home/ubuntu/DAM2/AD/Trimestre2/Drivers/objectdb-2.8.9/objectdb.conf

[2024-03-14 14:15:25 #3 type] 
Type evinopobjectdb.Analisis is not enhanced.

[2024-03-14 14:15:25 #4 type] 
Type evinopobjectdb.Uvas is not enhanced.

[2024-03-14 14:15:25 #5 type] 
Type evinopobjectdb.Clientes is not enhanced.

------------------------------------------------------------------------------------------------------------------------

[2024-03-14 14:31:45 #1 store] 
Database '/home/ubuntu/DAM2/AD/Trimestre2/Ejercicios/3_evinopobjectdb/evinopobjectdb/src/evinopobjectdb/traballos.odb' is opened by 169916@ubuntupc

[2024-03-14 14:31:45 #2 store] 
Configuration path: /home/ubuntu/DAM2/AD/Trimestre2/Drivers/objectdb-2.8.9/objectdb.conf

[2024-03-14 14:31:45 #3 type] 
Type evinopobjectdb.Analisis is not enhanced.

[2024-03-14 14:31:45 #4 type] 
Type evinopobjectdb.Uvas is not enhanced.

[2024-03-14 14:31:45 #5 type] 
Type evinopobjectdb.Clientes is not enhanced.

------------------------------------------------------------------------------------------------------------------------

[2024-03-14 14:49:06 #1 store] 
Database '/home/ubuntu/DAM2/AD/Trimestre2/Ejercicios/3_evinopobjectdb/evinopobjectdb/src/evinopobjectdb/traballos.odb' is opened by 174705@ubuntupc

[2024-03-14 14:49:06 #2 store] 
Configuration path: /home/ubuntu/DAM2/AD/Trimestre2/Drivers/objectdb-2.8.9/objectdb.conf

[2024-03-14 14:49:06 #3 type] 
Type evinopobjectdb.Analisis is not enhanced.

[2024-03-14 14:49:06 #4 type] 
Type evinopobjectdb.Uvas is not enhanced.

[2024-03-14 14:49:06 #5 type] 
Type evinopobjectdb.Clientes is not enhanced.

------------------------------------------------------------------------------------------------------------------------

[2024-03-14 14:49:45 #1 store] 
Database '/home/ubuntu/DAM2/AD/Trimestre2/Ejercicios/3_evinopobjectdb/evinopobjectdb/src/evinopobjectdb/traballos.odb' is opened by 174918@ubuntupc

[2024-03-14 14:49:45 #2 store] 
Configuration path: /home/ubuntu/DAM2/AD/Trimestre2/Drivers/objectdb-2.8.9/objectdb.conf

[2024-03-14 14:49:45 #3 type] 
Type evinopobjectdb.Analisis is not enhanced.

[2024-03-14 14:49:45 #4 type] 
Type evinopobjectdb.Uvas is not enhanced.

[2024-03-14 14:49:45 #5 type] 
Type evinopobjectdb.Clientes is not enhanced.

------------------------------------------------------------------------------------------------------------------------

[2024-03-14 14:51:02 #1 store] 
Database '/home/ubuntu/DAM2/AD/Trimestre2/Ejercicios/3_evinopobjectdb/evinopobjectdb/src/evinopobjectdb/traballos.odb' is opened by 175289@ubuntupc

[2024-03-14 14:51:02 #2 store] 
Configuration path: /home/ubuntu/DAM2/AD/Trimestre2/Drivers/objectdb-2.8.9/objectdb.conf

[2024-03-14 14:51:02 #3 type] 
Type evinopobjectdb.Analisis is not enhanced.

[2024-03-14 14:51:02 #4 type] 
Type evinopobjectdb.Uvas is not enhanced.

[2024-03-14 14:51:02 #5 type] 
Type evinopobjectdb.Clientes is not enhanced.

------------------------------------------------------------------------------------------------------------------------

[2024-03-14 14:52:19 #1 store] 
Database '/home/ubuntu/DAM2/AD/Trimestre2/Ejercicios/3_evinopobjectdb/evinopobjectdb/src/evinopobjectdb/traballos.odb' is opened by 175690@ubuntupc

[2024-03-14 14:52:19 #2 store] 
Configuration path: /home/ubuntu/DAM2/AD/Trimestre2/Drivers/objectdb-2.8.9/objectdb.conf

[2024-03-14 14:52:19 #3 type] 
Type evinopobjectdb.Analisis is not enhanced.

[2024-03-14 14:52:19 #4 type] 
Type evinopobjectdb.Uvas is not enhanced.

[2024-03-14 14:52:19 #5 type] 
Type evinopobjectdb.Clientes is not enhanced.

------------------------------------------------------------------------------------------------------------------------

[2024-03-14 14:53:06 #1 store] 
Database '/home/ubuntu/DAM2/AD/Trimestre2/Ejercicios/3_evinopobjectdb/evinopobjectdb/src/evinopobjectdb/traballos.odb' is opened by 175928@ubuntupc

[2024-03-14 14:53:06 #2 store] 
Configuration path: /home/ubuntu/DAM2/AD/Trimestre2/Drivers/objectdb-2.8.9/objectdb.conf

[2024-03-14 14:53:06 #3 type] 
Type evinopobjectdb.Analisis is not enhanced.

[2024-03-14 14:53:06 #4 type] 
Type evinopobjectdb.Uvas is not enhanced.

[2024-03-14 14:53:06 #5 type] 
Type evinopobjectdb.Clientes is not enhanced.

------------------------------------------------------------------------------------------------------------------------

[2024-03-14 14:56:01 #1 store] 
Database '/home/ubuntu/DAM2/AD/Trimestre2/Ejercicios/3_evinopobjectdb/evinopobjectdb/src/evinopobjectdb/traballos.odb' is opened by 176827@ubuntupc

[2024-03-14 14:56:01 #2 store] 
Configuration path: /home/ubuntu/DAM2/AD/Trimestre2/Drivers/objectdb-2.8.9/objectdb.conf

[2024-03-14 14:56:01 #3 type] 
Type evinopobjectdb.Analisis is not enhanced.

[2024-03-14 14:56:01 #4 type] 
Type evinopobjectdb.Uvas is not enhanced.

[2024-03-14 14:56:01 #5 type] 
Type evinopobjectdb.Clientes is not enhanced.

------------------------------------------------------------------------------------------------------------------------

[2024-03-14 14:57:12 #1 store] 
Database '/home/ubuntu/DAM2/AD/Trimestre2/Ejercicios/3_evinopobjectdb/evinopobjectdb/src/evinopobjectdb/traballos.odb' is opened by 177211@ubuntupc

[2024-03-14 14:57:12 #2 store] 
Configuration path: /home/ubuntu/DAM2/AD/Trimestre2/Drivers/objectdb-2.8.9/objectdb.conf

[2024-03-14 14:57:12 #3 type] 
Type evinopobjectdb.Analisis is not enhanced.

[2024-03-14 14:57:12 #4 type] 
Type evinopobjectdb.Uvas is not enhanced.

[2024-03-14 14:57:12 #5 type] 
Type evinopobjectdb.Clientes is not enhanced.

------------------------------------------------------------------------------------------------------------------------

[2024-03-14 14:59:50 #1 store] 
Database '/home/ubuntu/DAM2/AD/Trimestre2/Ejercicios/3_evinopobjectdb/evinopobjectdb/src/evinopobjectdb/traballos.odb' is opened by 178166@ubuntupc

[2024-03-14 14:59:50 #2 store] 
Configuration path: /home/ubuntu/DAM2/AD/Trimestre2/Drivers/objectdb-2.8.9/objectdb.conf

[2024-03-14 14:59:50 #3 type] 
Type evinopobjectdb.Analisis is not enhanced.

[2024-03-14 14:59:50 #4 type] 
Type evinopobjectdb.Uvas is not enhanced.

[2024-03-14 14:59:50 #5 type] 
Type evinopobjectdb.Clientes is not enhanced.

------------------------------------------------------------------------------------------------------------------------

[2024-03-14 15:01:27 #1 store] 
Database '/home/ubuntu/DAM2/AD/Trimestre2/Ejercicios/3_evinopobjectdb/evinopobjectdb/src/evinopobjectdb/traballos.odb' is opened by 178612@ubuntupc

[2024-03-14 15:01:27 #2 store] 
Configuration path: /home/ubuntu/DAM2/AD/Trimestre2/Drivers/objectdb-2.8.9/objectdb.conf

[2024-03-14 15:01:27 #3 type] 
Type evinopobjectdb.Analisis is not enhanced.

[2024-03-14 15:01:27 #4 type] 
Type evinopobjectdb.Uvas is not enhanced.

[2024-03-14 15:01:27 #5 type] 
Type evinopobjectdb.Clientes is not enhanced.

------------------------------------------------------------------------------------------------------------------------

[2024-03-14 15:05:19 #1 store] 
Database '/home/ubuntu/DAM2/AD/Trimestre2/Ejercicios/3_evinopobjectdb/evinopobjectdb/src/evinopobjectdb/traballos.odb' is opened by 179705@ubuntupc

[2024-03-14 15:05:19 #2 store] 
Configuration path: /home/ubuntu/DAM2/AD/Trimestre2/Drivers/objectdb-2.8.9/objectdb.conf

[2024-03-14 15:05:19 #3 type] 
Type evinopobjectdb.Analisis is not enhanced.

[2024-03-14 15:05:19 #4 type] 
Type evinopobjectdb.Uvas is not enhanced.

[2024-03-14 15:05:19 #5 type] 
Type evinopobjectdb.Clientes is not enhanced.

------------------------------------------------------------------------------------------------------------------------

[2024-03-14 15:06:40 #1 store] 
Database '/home/ubuntu/DAM2/AD/Trimestre2/Ejercicios/3_evinopobjectdb/evinopobjectdb/src/evinopobjectdb/traballos.odb' is opened by 180108@ubuntupc

[2024-03-14 15:06:40 #2 store] 
Configuration path: /home/ubuntu/DAM2/AD/Trimestre2/Drivers/objectdb-2.8.9/objectdb.conf

[2024-03-14 15:06:40 #3 type] 
Type evinopobjectdb.Analisis is not enhanced.

[2024-03-14 15:06:40 #4 type] 
Type evinopobjectdb.Uvas is not enhanced.

[2024-03-14 15:06:40 #5 type] 
Type evinopobjectdb.Clientes is not enhanced.

------------------------------------------------------------------------------------------------------------------------

[2024-03-14 15:12:07 #1 store] 
Database '/home/ubuntu/DAM2/AD/Trimestre2/Ejercicios/3_evinopobjectdb/evinopobjectdb/src/evinopobjectdb/traballos.odb' is opened by 181653@ubuntupc

[2024-03-14 15:12:07 #2 store] 
Configuration path: /home/ubuntu/DAM2/AD/Trimestre2/Drivers/objectdb-2.8.9/objectdb.conf

[2024-03-14 15:17:47 #3 store] 
Database '/home/ubuntu/DAM2/AD/Trimestre2/Ejercicios/3_evinopobjectdb/evinopobjectdb/src/evinopobjectdb/traballos.odb' is closed by 181653@ubuntupc

------------------------------------------------------------------------------------------------------------------------

[2024-03-14 15:17:50 #1 store] 
Database '/home/ubuntu/DAM2/AD/Trimestre2/Ejercicios/3_evinopobjectdb/evinopobjectdb/src/evinopobjectdb/traballos.odb' is opened by 183330@ubuntupc

[2024-03-14 15:17:50 #2 store] 
Configuration path: /home/ubuntu/DAM2/AD/Trimestre2/Drivers/objectdb-2.8.9/objectdb.conf

[2024-03-14 15:17:50 #3 type] 
Type evinopobjectdb.Analisis is not enhanced.

[2024-03-14 15:17:50 #4 type] 
Type evinopobjectdb.Uvas is not enhanced.

[2024-03-14 15:17:50 #5 type] 
Type evinopobjectdb.Clientes is not enhanced.

[2024-03-14 15:17:50 #6 type] 
Type evinopobjectdb.Xerado is not enhanced.

------------------------------------------------------------------------------------------------------------------------

[2024-03-14 15:19:47 #1 store] 
Database '/home/ubuntu/DAM2/AD/Trimestre2/Ejercicios/3_evinopobjectdb/evinopobjectdb/src/evinopobjectdb/traballos.odb' is opened by 183998@ubuntupc

[2024-03-14 15:19:47 #2 store] 
Configuration path: /home/ubuntu/DAM2/AD/Trimestre2/Drivers/objectdb-2.8.9/objectdb.conf

[2024-03-14 15:19:47 #3 type] 
Type evinopobjectdb.Analisis is not enhanced.

[2024-03-14 15:19:47 #4 type] 
Type evinopobjectdb.Uvas is not enhanced.

[2024-03-14 15:19:47 #5 type] 
Type evinopobjectdb.Clientes is not enhanced.

[2024-03-14 15:19:47 #6 type] 
Type evinopobjectdb.Xerado is not enhanced.

------------------------------------------------------------------------------------------------------------------------

[2024-03-14 15:19:58 #1 store] 
Database '/home/ubuntu/DAM2/AD/Trimestre2/Ejercicios/3_evinopobjectdb/evinopobjectdb/src/evinopobjectdb/traballos.odb' has been recovered (tr. 9-13)

[2024-03-14 15:19:58 #2 store] 
Database '/home/ubuntu/DAM2/AD/Trimestre2/Ejercicios/3_evinopobjectdb/evinopobjectdb/src/evinopobjectdb/traballos.odb' is opened by 184117@ubuntupc

[2024-03-14 15:19:58 #3 store] 
Configuration path: /home/ubuntu/DAM2/AD/Trimestre2/Drivers/objectdb-2.8.9/objectdb.conf

[2024-03-14 15:26:36 #4 store] 
Database '/home/ubuntu/DAM2/AD/Trimestre2/Ejercicios/3_evinopobjectdb/evinopobjectdb/src/evinopobjectdb/traballos.odb' is closed by 184117@ubuntupc

------------------------------------------------------------------------------------------------------------------------

[2024-03-14 15:26:37 #1 store] 
Database '/home/ubuntu/DAM2/AD/Trimestre2/Ejercicios/3_evinopobjectdb/evinopobjectdb/src/evinopobjectdb/traballos.odb' is opened by 186015@ubuntupc

[2024-03-14 15:26:37 #2 store] 
Configuration path: /home/ubuntu/DAM2/AD/Trimestre2/Drivers/objectdb-2.8.9/objectdb.conf

[2024-03-14 15:26:38 #3 type] 
Type evinopobjectdb.Analisis is not enhanced.

[2024-03-14 15:26:38 #4 type] 
Type evinopobjectdb.Uvas is not enhanced.

[2024-03-14 15:26:38 #5 type] 
Type evinopobjectdb.Clientes is not enhanced.

[2024-03-14 15:26:38 #6 type] 
Type evinopobjectdb.Xerado is not enhanced.

------------------------------------------------------------------------------------------------------------------------

[2024-03-14 15:28:00 #1 store] 
Database '/home/ubuntu/DAM2/AD/Trimestre2/Ejercicios/3_evinopobjectdb/evinopobjectdb/src/evinopobjectdb/traballos.odb' is opened by 186406@ubuntupc

[2024-03-14 15:28:00 #2 store] 
Configuration path: /home/ubuntu/DAM2/AD/Trimestre2/Drivers/objectdb-2.8.9/objectdb.conf

[2024-03-14 15:28:31 #3 store] 
Database '/home/ubuntu/DAM2/AD/Trimestre2/Ejercicios/3_evinopobjectdb/evinopobjectdb/src/evinopobjectdb/traballos.odb' is closed by 186406@ubuntupc

------------------------------------------------------------------------------------------------------------------------

[2024-03-14 15:28:36 #1 store] 
Database '/home/ubuntu/DAM2/AD/Trimestre2/Ejercicios/3_evinopobjectdb/evinopobjectdb/src/evinopobjectdb/traballos.odb' is opened by 186669@ubuntupc

[2024-03-14 15:28:36 #2 store] 
Configuration path: /home/ubuntu/DAM2/AD/Trimestre2/Drivers/objectdb-2.8.9/objectdb.conf

[2024-03-14 15:28:36 #3 type] 
Type evinopobjectdb.Analisis is not enhanced.

[2024-03-14 15:28:36 #4 type] 
Type evinopobjectdb.Uvas is not enhanced.

[2024-03-14 15:28:36 #5 type] 
Type evinopobjectdb.Clientes is not enhanced.

[2024-03-14 15:28:36 #6 type] 
Type evinopobjectdb.Xerado is not enhanced.

------------------------------------------------------------------------------------------------------------------------

[2024-03-14 15:28:53 #1 store] 
Database '/home/ubuntu/DAM2/AD/Trimestre2/Ejercicios/3_evinopobjectdb/evinopobjectdb/src/evinopobjectdb/traballos.odb' has been recovered (tr. 14-17)

[2024-03-14 15:28:53 #2 store] 
Database '/home/ubuntu/DAM2/AD/Trimestre2/Ejercicios/3_evinopobjectdb/evinopobjectdb/src/evinopobjectdb/traballos.odb' is opened by 186777@ubuntupc

[2024-03-14 15:28:53 #3 store] 
Configuration path: /home/ubuntu/DAM2/AD/Trimestre2/Drivers/objectdb-2.8.9/objectdb.conf

[2024-03-14 15:29:12 #4 store] 
Database '/home/ubuntu/DAM2/AD/Trimestre2/Ejercicios/3_evinopobjectdb/evinopobjectdb/src/evinopobjectdb/traballos.odb' is closed by 186777@ubuntupc

