------------------------------------------------------------------------------------------------------------------------

[2024-03-15 00:35:37 #1 store] 
Database '/home/ubuntu/DAM2/AD/Trimestre2/Ejercicios/6_pavions/Pavions/src/pavions/resultado.odb' is opened by 261253@ubuntupc

[2024-03-15 00:35:37 #2 store] 
Configuration path: /home/ubuntu/DAM2/AD/Trimestre2/Drivers/objectdb-2.8.9/objectdb.conf

[2024-03-15 00:35:37 #3 store] 
Database '/home/ubuntu/DAM2/AD/Trimestre2/Ejercicios/6_pavions/Pavions/src/pavions/resultado.odb' is closed by 261253@ubuntupc

------------------------------------------------------------------------------------------------------------------------

[2024-03-15 00:44:35 #1 store] 
Database '/home/ubuntu/DAM2/AD/Trimestre2/Ejercicios/6_pavions/Pavions/src/pavions/resultado.odb' is opened by 261560@ubuntupc

[2024-03-15 00:44:35 #2 store] 
Configuration path: /home/ubuntu/DAM2/AD/Trimestre2/Drivers/objectdb-2.8.9/objectdb.conf

[2024-03-15 00:44:35 #3 store] 
Database '/home/ubuntu/DAM2/AD/Trimestre2/Ejercicios/6_pavions/Pavions/src/pavions/resultado.odb' is closed by 261560@ubuntupc

------------------------------------------------------------------------------------------------------------------------

[2024-03-15 00:56:48 #1 store] 
Database '/home/ubuntu/DAM2/AD/Trimestre2/Ejercicios/6_pavions/Pavions/src/pavions/resultado.odb' is opened by 262125@ubuntupc

[2024-03-15 00:56:48 #2 store] 
Configuration path: /home/ubuntu/DAM2/AD/Trimestre2/Drivers/objectdb-2.8.9/objectdb.conf

[2024-03-15 00:56:49 #3 store] 
Database '/home/ubuntu/DAM2/AD/Trimestre2/Ejercicios/6_pavions/Pavions/src/pavions/resultado.odb' is closed by 262125@ubuntupc

------------------------------------------------------------------------------------------------------------------------

[2024-03-15 00:58:46 #1 store] 
Database '/home/ubuntu/DAM2/AD/Trimestre2/Ejercicios/6_pavions/Pavions/src/pavions/resultado.odb' is opened by 262182@ubuntupc

[2024-03-15 00:58:46 #2 store] 
Configuration path: /home/ubuntu/DAM2/AD/Trimestre2/Drivers/objectdb-2.8.9/objectdb.conf

------------------------------------------------------------------------------------------------------------------------

[2024-03-15 00:59:13 #1 store] 
Database '/home/ubuntu/DAM2/AD/Trimestre2/Ejercicios/6_pavions/Pavions/src/pavions/resultado.odb' is opened by 262231@ubuntupc

[2024-03-15 00:59:13 #2 store] 
Configuration path: /home/ubuntu/DAM2/AD/Trimestre2/Drivers/objectdb-2.8.9/objectdb.conf

------------------------------------------------------------------------------------------------------------------------

[2024-03-15 00:59:34 #1 store] 
Database '/home/ubuntu/DAM2/AD/Trimestre2/Ejercicios/6_pavions/Pavions/src/pavions/resultado.odb' is opened by 262277@ubuntupc

[2024-03-15 00:59:34 #2 store] 
Configuration path: /home/ubuntu/DAM2/AD/Trimestre2/Drivers/objectdb-2.8.9/objectdb.conf

------------------------------------------------------------------------------------------------------------------------

[2024-03-15 01:00:14 #1 store] 
Database '/home/ubuntu/DAM2/AD/Trimestre2/Ejercicios/6_pavions/Pavions/src/pavions/resultado.odb' is opened by 262324@ubuntupc

[2024-03-15 01:00:14 #2 store] 
Configuration path: /home/ubuntu/DAM2/AD/Trimestre2/Drivers/objectdb-2.8.9/objectdb.conf

------------------------------------------------------------------------------------------------------------------------

[2024-03-15 01:00:43 #1 store] 
Database '/home/ubuntu/DAM2/AD/Trimestre2/Ejercicios/6_pavions/Pavions/src/pavions/resultado.odb' is opened by 262372@ubuntupc

[2024-03-15 01:00:43 #2 store] 
Configuration path: /home/ubuntu/DAM2/AD/Trimestre2/Drivers/objectdb-2.8.9/objectdb.conf

[2024-03-15 01:00:43 #3 store] 
Database '/home/ubuntu/DAM2/AD/Trimestre2/Ejercicios/6_pavions/Pavions/src/pavions/resultado.odb' is closed by 262372@ubuntupc

------------------------------------------------------------------------------------------------------------------------

[2024-03-15 01:03:07 #1 store] 
Database '/home/ubuntu/DAM2/AD/Trimestre2/Ejercicios/6_pavions/Pavions/src/pavions/resultado.odb' is opened by 262440@ubuntupc

[2024-03-15 01:03:07 #2 store] 
Configuration path: /home/ubuntu/DAM2/AD/Trimestre2/Drivers/objectdb-2.8.9/objectdb.conf

[2024-03-15 01:03:07 #3 store] 
Database '/home/ubuntu/DAM2/AD/Trimestre2/Ejercicios/6_pavions/Pavions/src/pavions/resultado.odb' is closed by 262440@ubuntupc

------------------------------------------------------------------------------------------------------------------------

[2024-03-15 01:03:18 #1 store] 
Database '/home/ubuntu/DAM2/AD/Trimestre2/Ejercicios/6_pavions/Pavions/src/pavions/resultado.odb' is opened by 262485@ubuntupc

[2024-03-15 01:03:18 #2 store] 
Configuration path: /home/ubuntu/DAM2/AD/Trimestre2/Drivers/objectdb-2.8.9/objectdb.conf

[2024-03-15 01:03:18 #3 store] 
Database '/home/ubuntu/DAM2/AD/Trimestre2/Ejercicios/6_pavions/Pavions/src/pavions/resultado.odb' is closed by 262485@ubuntupc

------------------------------------------------------------------------------------------------------------------------

[2024-03-15 01:18:10 #1 store] 
Database '/home/ubuntu/DAM2/AD/Trimestre2/Ejercicios/6_pavions/Pavions/src/pavions/resultado.odb' is opened by 262722@ubuntupc

[2024-03-15 01:18:10 #2 store] 
Configuration path: /home/ubuntu/DAM2/AD/Trimestre2/Drivers/objectdb-2.8.9/objectdb.conf

[2024-03-15 01:18:10 #3 store] 
Database '/home/ubuntu/DAM2/AD/Trimestre2/Ejercicios/6_pavions/Pavions/src/pavions/resultado.odb' is closed by 262722@ubuntupc

------------------------------------------------------------------------------------------------------------------------

[2024-03-15 01:38:08 #1 store] 
Database '/home/ubuntu/DAM2/AD/Trimestre2/Ejercicios/6_pavions/Pavions/src/pavions/resultado.odb' is opened by 262988@ubuntupc

[2024-03-15 01:38:08 #2 store] 
Configuration path: /home/ubuntu/DAM2/AD/Trimestre2/Drivers/objectdb-2.8.9/objectdb.conf

[2024-03-15 01:38:08 #3 store] 
Database '/home/ubuntu/DAM2/AD/Trimestre2/Ejercicios/6_pavions/Pavions/src/pavions/resultado.odb' is closed by 262988@ubuntupc

------------------------------------------------------------------------------------------------------------------------

[2024-03-15 01:42:01 #1 store] 
Database '/home/ubuntu/DAM2/AD/Trimestre2/Ejercicios/6_pavions/Pavions/src/pavions/resultado.odb' is opened by 263092@ubuntupc

[2024-03-15 01:42:01 #2 store] 
Configuration path: /home/ubuntu/DAM2/AD/Trimestre2/Drivers/objectdb-2.8.9/objectdb.conf

------------------------------------------------------------------------------------------------------------------------

[2024-03-15 01:43:28 #1 store] 
Database '/home/ubuntu/DAM2/AD/Trimestre2/Ejercicios/6_pavions/Pavions/src/pavions/resultado.odb' is opened by 263160@ubuntupc

[2024-03-15 01:43:28 #2 store] 
Configuration path: /home/ubuntu/DAM2/AD/Trimestre2/Drivers/objectdb-2.8.9/objectdb.conf

------------------------------------------------------------------------------------------------------------------------

[2024-03-15 01:44:42 #1 store] 
Database '/home/ubuntu/DAM2/AD/Trimestre2/Ejercicios/6_pavions/Pavions/src/pavions/resultado.odb' is opened by 263265@ubuntupc

[2024-03-15 01:44:42 #2 store] 
Configuration path: /home/ubuntu/DAM2/AD/Trimestre2/Drivers/objectdb-2.8.9/objectdb.conf

[2024-03-15 01:44:42 #3 store] 
Database '/home/ubuntu/DAM2/AD/Trimestre2/Ejercicios/6_pavions/Pavions/src/pavions/resultado.odb' is closed by 263265@ubuntupc

------------------------------------------------------------------------------------------------------------------------

[2024-03-15 01:47:19 #1 store] 
Database '/home/ubuntu/DAM2/AD/Trimestre2/Ejercicios/6_pavions/Pavions/src/pavions/resultado.odb' is opened by 263356@ubuntupc

[2024-03-15 01:47:19 #2 store] 
Configuration path: /home/ubuntu/DAM2/AD/Trimestre2/Drivers/objectdb-2.8.9/objectdb.conf

[2024-03-15 01:47:20 #3 store] 
Database '/home/ubuntu/DAM2/AD/Trimestre2/Ejercicios/6_pavions/Pavions/src/pavions/resultado.odb' is closed by 263356@ubuntupc

------------------------------------------------------------------------------------------------------------------------

[2024-03-15 01:49:00 #1 store] 
Database '/home/ubuntu/DAM2/AD/Trimestre2/Ejercicios/6_pavions/Pavions/src/pavions/resultado.odb' is opened by 263413@ubuntupc

[2024-03-15 01:49:00 #2 store] 
Configuration path: /home/ubuntu/DAM2/AD/Trimestre2/Drivers/objectdb-2.8.9/objectdb.conf

[2024-03-15 01:49:00 #3 type] 
Type pavions.Confirmada is not enhanced.

[2024-03-15 01:49:00 #4 store] 
Database '/home/ubuntu/DAM2/AD/Trimestre2/Ejercicios/6_pavions/Pavions/src/pavions/resultado.odb' is closed by 263413@ubuntupc

------------------------------------------------------------------------------------------------------------------------

[2024-03-15 01:49:28 #1 store] 
Database '/home/ubuntu/DAM2/AD/Trimestre2/Ejercicios/6_pavions/Pavions/src/pavions/resultado.odb' is opened by 263514@ubuntupc

[2024-03-15 01:49:28 #2 store] 
Configuration path: /home/ubuntu/DAM2/AD/Trimestre2/Drivers/objectdb-2.8.9/objectdb.conf

[2024-03-15 01:49:39 #3 store] 
Database '/home/ubuntu/DAM2/AD/Trimestre2/Ejercicios/6_pavions/Pavions/src/pavions/resultado.odb' is closed by 263514@ubuntupc

