------------------------------------------------------------------------------------------------------------------------

[2024-03-12 20:36:13 #1 store.file] 
readTextFile error.

[2024-03-12 20:36:13 #2 store.file] 
java.io.FileNotFoundException: /home/ubuntu/.objectdb/exolorer.xml (No existe el archivo o el directorio)
	at java.base/java.io.FileInputStream.open0(Native Method)
	at java.base/java.io.FileInputStream.open(FileInputStream.java:216)
	at java.base/java.io.FileInputStream.<init>(FileInputStream.java:157)
	at java.base/java.io.FileInputStream.<init>(FileInputStream.java:111)
	at com.objectdb.o.STH.B(STH.java:731)
	at com.objectdb.o.STH.A(STH.java:715)
	at com.objectdb.o.CNF.<init>(CNF.java:106)
	at com.objectdb.o.CNF.<clinit>(CNF.java:32)
	at com.objectdb.o.MainFrame.init(MainFrame.java:132)
	at com.objectdb.o.EXA.<init>(EXA.java:77)
	at com.objectdb.Explorer$1.run(Explorer.java:57)
	at java.desktop/java.awt.event.InvocationEvent.dispatch(InvocationEvent.java:318)
	at java.desktop/java.awt.EventQueue.dispatchEventImpl(EventQueue.java:773)
	at java.desktop/java.awt.EventQueue$4.run(EventQueue.java:720)
	at java.desktop/java.awt.EventQueue$4.run(EventQueue.java:714)
	at java.base/java.security.AccessController.doPrivileged(AccessController.java:399)
	at java.base/java.security.ProtectionDomain$JavaSecurityAccessImpl.doIntersectionPrivilege(ProtectionDomain.java:86)
	at java.desktop/java.awt.EventQueue.dispatchEvent(EventQueue.java:742)
	at java.desktop/java.awt.EventDispatchThread.pumpOneEventForFilters(EventDispatchThread.java:203)
	at java.desktop/java.awt.EventDispatchThread.pumpEventsForFilter(EventDispatchThread.java:124)
	at java.desktop/java.awt.EventDispatchThread.pumpEventsForHierarchy(EventDispatchThread.java:113)
	at java.desktop/java.awt.EventDispatchThread.pumpEvents(EventDispatchThread.java:109)
	at java.desktop/java.awt.EventDispatchThread.pumpEvents(EventDispatchThread.java:101)
	at java.desktop/java.awt.EventDispatchThread.run(EventDispatchThread.java:90)

[2024-03-12 20:37:11 #3 store] 
Database '/home/ubuntu/DAM2/AD/Trimestre2/Drivers/objectdb-2.8.9/db/ejemplo1.odb' is opened by 113918@ubuntupc

[2024-03-12 20:37:11 #4 store] 
Configuration path: /home/ubuntu/DAM2/AD/Trimestre2/Drivers/objectdb-2.8.9/objectdb.conf

[2024-03-12 20:38:15 #5 store] 
Database '/home/ubuntu/DAM2/AD/Trimestre2/Drivers/objectdb-2.8.9/db/ejemplo1.odb' is closed by 113918@ubuntupc

------------------------------------------------------------------------------------------------------------------------

[2024-03-12 20:38:28 #1 store] 
Database '/home/ubuntu/DAM2/AD/Trimestre2/Drivers/objectdb-2.8.9/db/ejemplo1.odb' is opened by 114139@ubuntupc

[2024-03-12 20:38:28 #2 store] 
Configuration path: /home/ubuntu/DAM2/AD/Trimestre2/Drivers/objectdb-2.8.9/objectdb.conf

------------------------------------------------------------------------------------------------------------------------

[2024-03-12 20:39:13 #1 store] 
Database '/home/ubuntu/DAM2/AD/Trimestre2/Drivers/objectdb-2.8.9/db/traballos.odb' is opened by 114528@ubuntupc

[2024-03-12 20:39:13 #2 store] 
Configuration path: /home/ubuntu/DAM2/AD/Trimestre2/Drivers/objectdb-2.8.9/objectdb.conf

[2024-03-12 20:39:37 #3 store] 
Database '/home/ubuntu/DAM2/AD/Trimestre2/Drivers/objectdb-2.8.9/db/ejemplo1.odb' is closed by 114139@ubuntupc

[2024-03-12 20:39:37 #4 store] 
Database '/home/ubuntu/DAM2/AD/Trimestre2/Drivers/objectdb-2.8.9/db/traballos.odb' has been recovered (tr. 1-2)

[2024-03-12 20:39:37 #5 store] 
Database '/home/ubuntu/DAM2/AD/Trimestre2/Drivers/objectdb-2.8.9/db/traballos.odb' is opened by 114139@ubuntupc

[2024-03-12 20:39:37 #6 store] 
Configuration path: /home/ubuntu/DAM2/AD/Trimestre2/Drivers/objectdb-2.8.9/objectdb.conf

[2024-03-12 20:48:11 #7 store] 
Database '/home/ubuntu/DAM2/AD/Trimestre2/Drivers/objectdb-2.8.9/db/traballos.odb' is closed by 114139@ubuntupc

------------------------------------------------------------------------------------------------------------------------

[2024-03-12 20:48:22 #1 store] 
Database '/home/ubuntu/DAM2/AD/Trimestre2/Drivers/objectdb-2.8.9/db/traballos.odb' is opened by 115988@ubuntupc

[2024-03-12 20:48:22 #2 store] 
Configuration path: /home/ubuntu/DAM2/AD/Trimestre2/Drivers/objectdb-2.8.9/objectdb.conf

[2024-03-12 20:48:50 #3 store] 
Database '/home/ubuntu/DAM2/AD/Trimestre2/Drivers/objectdb-2.8.9/db/traballos.odb' is closed by 115988@ubuntupc

[2024-03-12 20:48:50 #4 store] 
Database '/home/ubuntu/DAM2/AD/Trimestre2/Ejercicios/3_evinopobjectdb/enun/traballos.odb' is opened by 115988@ubuntupc

[2024-03-12 20:48:50 #5 store] 
Configuration path: /home/ubuntu/DAM2/AD/Trimestre2/Drivers/objectdb-2.8.9/objectdb.conf

[2024-03-12 20:51:12 #6 store] 
Database '/home/ubuntu/DAM2/AD/Trimestre2/Ejercicios/3_evinopobjectdb/enun/traballos.odb' is closed by 115988@ubuntupc

[2024-03-12 20:51:13 #7 store] 
Database '/home/ubuntu/DAM2/AD/Trimestre2/Ejercicios/3_evinopobjectdb/evinopobjectdb/src/evinopobjectdb/traballos.odb' is opened by 115988@ubuntupc

[2024-03-12 20:51:13 #8 store] 
Configuration path: /home/ubuntu/DAM2/AD/Trimestre2/Drivers/objectdb-2.8.9/objectdb.conf

------------------------------------------------------------------------------------------------------------------------

[2024-03-12 21:03:23 #1 store] 
Database '/home/ubuntu/DAM2/AD/Trimestre2/Drivers/objectdb-2.8.9/db/traballos.odb' is opened by 116870@ubuntupc

[2024-03-12 21:03:23 #2 store] 
Configuration path: /home/ubuntu/DAM2/AD/Trimestre2/Drivers/objectdb-2.8.9/objectdb.conf

[2024-03-12 21:04:55 #9 store] 
Database '/home/ubuntu/DAM2/AD/Trimestre2/Ejercicios/3_evinopobjectdb/evinopobjectdb/src/evinopobjectdb/traballos.odb' is closed by 115988@ubuntupc

------------------------------------------------------------------------------------------------------------------------

[2024-03-12 21:05:00 #1 store] 
Database '/home/ubuntu/DAM2/AD/Trimestre2/Ejercicios/3_evinopobjectdb/evinopobjectdb/src/evinopobjectdb/traballos.odb' is opened by 117017@ubuntupc

[2024-03-12 21:05:00 #2 store] 
Configuration path: /home/ubuntu/DAM2/AD/Trimestre2/Drivers/objectdb-2.8.9/objectdb.conf

[2024-03-12 21:05:00 #3 type] 
Type evinopobjectdb.Analisis is not enhanced.

[2024-03-12 21:05:00 #4 type] 
Type evinopobjectdb.Uvas is not enhanced.

[2024-03-12 21:05:00 #5 type] 
Type evinopobjectdb.Clientes is not enhanced.

------------------------------------------------------------------------------------------------------------------------

[2024-03-12 21:12:20 #1 store] 
Database '/home/ubuntu/DAM2/AD/Trimestre2/Ejercicios/3_evinopobjectdb/evinopobjectdb/src/evinopobjectdb/traballos.odb' is opened by 117162@ubuntupc

[2024-03-12 21:12:20 #2 store] 
Configuration path: /home/ubuntu/DAM2/AD/Trimestre2/Drivers/objectdb-2.8.9/objectdb.conf

[2024-03-12 21:12:20 #3 type] 
Type evinopobjectdb.Analisis is not enhanced.

[2024-03-12 21:12:20 #4 type] 
Type evinopobjectdb.Uvas is not enhanced.

[2024-03-12 21:12:20 #5 type] 
Type evinopobjectdb.Clientes is not enhanced.

------------------------------------------------------------------------------------------------------------------------

[2024-03-12 21:15:34 #1 store] 
Database '/home/ubuntu/DAM2/AD/Trimestre2/Ejercicios/3_evinopobjectdb/evinopobjectdb/src/evinopobjectdb/traballos.odb' is opened by 117251@ubuntupc

[2024-03-12 21:15:34 #2 store] 
Configuration path: /home/ubuntu/DAM2/AD/Trimestre2/Drivers/objectdb-2.8.9/objectdb.conf

[2024-03-12 21:15:35 #3 type] 
Type evinopobjectdb.Analisis is not enhanced.

[2024-03-12 21:15:35 #4 type] 
Type evinopobjectdb.Uvas is not enhanced.

[2024-03-12 21:15:35 #5 type] 
Type evinopobjectdb.Clientes is not enhanced.

------------------------------------------------------------------------------------------------------------------------

[2024-03-12 21:16:10 #1 store] 
Database '/home/ubuntu/DAM2/AD/Trimestre2/Ejercicios/3_evinopobjectdb/evinopobjectdb/src/evinopobjectdb/traballos.odb' is opened by 117283@ubuntupc

[2024-03-12 21:16:10 #2 store] 
Configuration path: /home/ubuntu/DAM2/AD/Trimestre2/Drivers/objectdb-2.8.9/objectdb.conf

[2024-03-12 21:16:10 #3 type] 
Type evinopobjectdb.Analisis is not enhanced.

[2024-03-12 21:16:10 #4 type] 
Type evinopobjectdb.Uvas is not enhanced.

[2024-03-12 21:16:10 #5 type] 
Type evinopobjectdb.Clientes is not enhanced.

------------------------------------------------------------------------------------------------------------------------

[2024-03-12 21:17:02 #1 store] 
Database '/home/ubuntu/DAM2/AD/Trimestre2/Ejercicios/3_evinopobjectdb/evinopobjectdb/src/evinopobjectdb/traballos.odb' is opened by 117329@ubuntupc

[2024-03-12 21:17:02 #2 store] 
Configuration path: /home/ubuntu/DAM2/AD/Trimestre2/Drivers/objectdb-2.8.9/objectdb.conf

[2024-03-12 21:31:59 #3 store] 
Database '/home/ubuntu/DAM2/AD/Trimestre2/Ejercicios/3_evinopobjectdb/evinopobjectdb/src/evinopobjectdb/traballos.odb' is closed by 117329@ubuntupc

------------------------------------------------------------------------------------------------------------------------

[2024-03-12 21:32:01 #1 store] 
Database '/home/ubuntu/DAM2/AD/Trimestre2/Ejercicios/3_evinopobjectdb/evinopobjectdb/src/evinopobjectdb/traballos.odb' is opened by 119289@ubuntupc

[2024-03-12 21:32:01 #2 store] 
Configuration path: /home/ubuntu/DAM2/AD/Trimestre2/Drivers/objectdb-2.8.9/objectdb.conf

[2024-03-12 21:32:01 #3 type] 
Type evinopobjectdb.Analisis is not enhanced.

[2024-03-12 21:32:01 #4 type] 
Type evinopobjectdb.Uvas is not enhanced.

[2024-03-12 21:32:01 #5 type] 
Type evinopobjectdb.Clientes is not enhanced.

------------------------------------------------------------------------------------------------------------------------

[2024-03-12 21:37:22 #1 store] 
Database '/home/ubuntu/DAM2/AD/Trimestre2/Ejercicios/3_evinopobjectdb/evinopobjectdb/src/evinopobjectdb/traballos.odb' is opened by 119387@ubuntupc

[2024-03-12 21:37:22 #2 store] 
Configuration path: /home/ubuntu/DAM2/AD/Trimestre2/Drivers/objectdb-2.8.9/objectdb.conf

[2024-03-12 21:37:22 #3 type] 
Type evinopobjectdb.Analisis is not enhanced.

[2024-03-12 21:37:22 #4 type] 
Type evinopobjectdb.Uvas is not enhanced.

[2024-03-12 21:37:22 #5 type] 
Type evinopobjectdb.Clientes is not enhanced.

------------------------------------------------------------------------------------------------------------------------

[2024-03-12 21:37:55 #1 store] 
Database '/home/ubuntu/DAM2/AD/Trimestre2/Ejercicios/3_evinopobjectdb/evinopobjectdb/src/evinopobjectdb/traballos.odb' is opened by 119419@ubuntupc

[2024-03-12 21:37:55 #2 store] 
Configuration path: /home/ubuntu/DAM2/AD/Trimestre2/Drivers/objectdb-2.8.9/objectdb.conf

[2024-03-12 21:37:55 #3 type] 
Type evinopobjectdb.Analisis is not enhanced.

[2024-03-12 21:37:55 #4 type] 
Type evinopobjectdb.Uvas is not enhanced.

[2024-03-12 21:37:55 #5 type] 
Type evinopobjectdb.Clientes is not enhanced.

------------------------------------------------------------------------------------------------------------------------

[2024-03-12 21:38:31 #1 store] 
Database '/home/ubuntu/DAM2/AD/Trimestre2/Ejercicios/3_evinopobjectdb/evinopobjectdb/src/evinopobjectdb/traballos.odb' is opened by 119451@ubuntupc

[2024-03-12 21:38:31 #2 store] 
Configuration path: /home/ubuntu/DAM2/AD/Trimestre2/Drivers/objectdb-2.8.9/objectdb.conf

[2024-03-12 21:38:31 #3 type] 
Type evinopobjectdb.Analisis is not enhanced.

[2024-03-12 21:38:31 #4 type] 
Type evinopobjectdb.Uvas is not enhanced.

[2024-03-12 21:38:31 #5 type] 
Type evinopobjectdb.Clientes is not enhanced.

------------------------------------------------------------------------------------------------------------------------

[2024-03-12 21:42:45 #1 store] 
Database '/home/ubuntu/DAM2/AD/Trimestre2/Ejercicios/3_evinopobjectdb/evinopobjectdb/src/evinopobjectdb/traballos.odb' is opened by 119533@ubuntupc

[2024-03-12 21:42:45 #2 store] 
Configuration path: /home/ubuntu/DAM2/AD/Trimestre2/Drivers/objectdb-2.8.9/objectdb.conf

[2024-03-12 21:42:45 #3 type] 
Type evinopobjectdb.Analisis is not enhanced.

[2024-03-12 21:42:45 #4 type] 
Type evinopobjectdb.Uvas is not enhanced.

[2024-03-12 21:42:45 #5 type] 
Type evinopobjectdb.Clientes is not enhanced.

------------------------------------------------------------------------------------------------------------------------

[2024-03-12 21:43:26 #1 store] 
Database '/home/ubuntu/DAM2/AD/Trimestre2/Ejercicios/3_evinopobjectdb/evinopobjectdb/src/evinopobjectdb/traballos.odb' is opened by 119567@ubuntupc

[2024-03-12 21:43:26 #2 store] 
Configuration path: /home/ubuntu/DAM2/AD/Trimestre2/Drivers/objectdb-2.8.9/objectdb.conf

[2024-03-12 21:43:26 #3 type] 
Type evinopobjectdb.Analisis is not enhanced.

[2024-03-12 21:43:26 #4 type] 
Type evinopobjectdb.Uvas is not enhanced.

[2024-03-12 21:43:26 #5 type] 
Type evinopobjectdb.Clientes is not enhanced.

------------------------------------------------------------------------------------------------------------------------

[2024-03-12 21:45:05 #1 store] 
Database '/home/ubuntu/DAM2/AD/Trimestre2/Ejercicios/3_evinopobjectdb/evinopobjectdb/src/evinopobjectdb/traballos.odb' is opened by 119616@ubuntupc

[2024-03-12 21:45:05 #2 store] 
Configuration path: /home/ubuntu/DAM2/AD/Trimestre2/Drivers/objectdb-2.8.9/objectdb.conf

[2024-03-12 21:45:05 #3 type] 
Type evinopobjectdb.Analisis is not enhanced.

[2024-03-12 21:45:05 #4 type] 
Type evinopobjectdb.Uvas is not enhanced.

[2024-03-12 21:45:05 #5 type] 
Type evinopobjectdb.Clientes is not enhanced.

------------------------------------------------------------------------------------------------------------------------

[2024-03-12 21:45:19 #1 store] 
Database '/home/ubuntu/DAM2/AD/Trimestre2/Ejercicios/3_evinopobjectdb/evinopobjectdb/src/evinopobjectdb/traballos.odb' is opened by 119649@ubuntupc

[2024-03-12 21:45:19 #2 store] 
Configuration path: /home/ubuntu/DAM2/AD/Trimestre2/Drivers/objectdb-2.8.9/objectdb.conf

[2024-03-12 21:45:19 #3 type] 
Type evinopobjectdb.Analisis is not enhanced.

[2024-03-12 21:45:19 #4 type] 
Type evinopobjectdb.Uvas is not enhanced.

[2024-03-12 21:45:19 #5 type] 
Type evinopobjectdb.Clientes is not enhanced.

------------------------------------------------------------------------------------------------------------------------

[2024-03-12 21:51:03 #1 store] 
Database '/home/ubuntu/DAM2/AD/Trimestre2/Ejercicios/3_evinopobjectdb/evinopobjectdb/src/evinopobjectdb/traballos.odb' is opened by 119753@ubuntupc

[2024-03-12 21:51:03 #2 store] 
Configuration path: /home/ubuntu/DAM2/AD/Trimestre2/Drivers/objectdb-2.8.9/objectdb.conf

[2024-03-12 21:51:03 #3 type] 
Type evinopobjectdb.Analisis is not enhanced.

[2024-03-12 21:51:03 #4 type] 
Type evinopobjectdb.Uvas is not enhanced.

[2024-03-12 21:51:03 #5 type] 
Type evinopobjectdb.Clientes is not enhanced.

------------------------------------------------------------------------------------------------------------------------

[2024-03-12 21:56:05 #1 store] 
Database '/home/ubuntu/DAM2/AD/Trimestre2/Ejercicios/3_evinopobjectdb/evinopobjectdb/src/evinopobjectdb/traballos.odb' is opened by 119894@ubuntupc

[2024-03-12 21:56:05 #2 store] 
Configuration path: /home/ubuntu/DAM2/AD/Trimestre2/Drivers/objectdb-2.8.9/objectdb.conf

[2024-03-12 21:56:05 #3 type] 
Type evinopobjectdb.Analisis is not enhanced.

[2024-03-12 21:56:05 #4 type] 
Type evinopobjectdb.Uvas is not enhanced.

[2024-03-12 21:56:05 #5 type] 
Type evinopobjectdb.Clientes is not enhanced.

------------------------------------------------------------------------------------------------------------------------

[2024-03-12 21:57:59 #1 store] 
Database '/home/ubuntu/DAM2/AD/Trimestre2/Ejercicios/3_evinopobjectdb/evinopobjectdb/src/evinopobjectdb/traballos.odb' is opened by 119942@ubuntupc

[2024-03-12 21:57:59 #2 store] 
Configuration path: /home/ubuntu/DAM2/AD/Trimestre2/Drivers/objectdb-2.8.9/objectdb.conf

[2024-03-12 21:57:59 #3 type] 
Type evinopobjectdb.Analisis is not enhanced.

[2024-03-12 21:57:59 #4 type] 
Type evinopobjectdb.Uvas is not enhanced.

[2024-03-12 21:57:59 #5 type] 
Type evinopobjectdb.Clientes is not enhanced.

------------------------------------------------------------------------------------------------------------------------

[2024-03-12 21:59:00 #1 store] 
Database '/home/ubuntu/DAM2/AD/Trimestre2/Ejercicios/3_evinopobjectdb/evinopobjectdb/src/evinopobjectdb/traballos.odb' is opened by 119995@ubuntupc

[2024-03-12 21:59:00 #2 store] 
Configuration path: /home/ubuntu/DAM2/AD/Trimestre2/Drivers/objectdb-2.8.9/objectdb.conf

[2024-03-12 22:03:39 #3 store] 
Database '/home/ubuntu/DAM2/AD/Trimestre2/Ejercicios/3_evinopobjectdb/evinopobjectdb/src/evinopobjectdb/traballos.odb' is closed by 119995@ubuntupc

------------------------------------------------------------------------------------------------------------------------

[2024-03-12 22:03:42 #1 store] 
Database '/home/ubuntu/DAM2/AD/Trimestre2/Ejercicios/3_evinopobjectdb/evinopobjectdb/src/evinopobjectdb/traballos.odb' is opened by 120172@ubuntupc

[2024-03-12 22:03:42 #2 store] 
Configuration path: /home/ubuntu/DAM2/AD/Trimestre2/Drivers/objectdb-2.8.9/objectdb.conf

[2024-03-12 22:03:42 #3 type] 
Type evinopobjectdb.Analisis is not enhanced.

[2024-03-12 22:03:42 #4 type] 
Type evinopobjectdb.Uvas is not enhanced.

[2024-03-12 22:03:42 #5 type] 
Type evinopobjectdb.Clientes is not enhanced.

------------------------------------------------------------------------------------------------------------------------

[2024-03-12 22:07:29 #1 store] 
Database '/home/ubuntu/DAM2/AD/Trimestre2/Ejercicios/3_evinopobjectdb/evinopobjectdb/src/evinopobjectdb/traballos.odb' is opened by 120256@ubuntupc

[2024-03-12 22:07:29 #2 store] 
Configuration path: /home/ubuntu/DAM2/AD/Trimestre2/Drivers/objectdb-2.8.9/objectdb.conf

[2024-03-12 22:07:32 #3 store] 
Database '/home/ubuntu/DAM2/AD/Trimestre2/Ejercicios/3_evinopobjectdb/evinopobjectdb/src/evinopobjectdb/traballos.odb' is closed by 120256@ubuntupc

------------------------------------------------------------------------------------------------------------------------

[2024-03-12 22:15:50 #1 store] 
Database '/home/ubuntu/DAM2/AD/Trimestre2/Ejercicios/3_evinopobjectdb/evinopobjectdb/src/evinopobjectdb/traballos.odb' is opened by 120454@ubuntupc

[2024-03-12 22:15:50 #2 store] 
Configuration path: /home/ubuntu/DAM2/AD/Trimestre2/Drivers/objectdb-2.8.9/objectdb.conf

[2024-03-12 22:15:50 #3 type] 
Type evinopobjectdb.Analisis is not enhanced.

[2024-03-12 22:15:50 #4 type] 
Type evinopobjectdb.Uvas is not enhanced.

[2024-03-12 22:15:50 #5 type] 
Type evinopobjectdb.Clientes is not enhanced.

------------------------------------------------------------------------------------------------------------------------

[2024-03-12 22:50:39 #1 store] 
Database '/home/ubuntu/DAM2/AD/Trimestre2/Ejercicios/3_evinopobjectdb/evinopobjectdb/src/evinopobjectdb/traballos.odb' is opened by 121047@ubuntupc

[2024-03-12 22:50:39 #2 store] 
Configuration path: /home/ubuntu/DAM2/AD/Trimestre2/Drivers/objectdb-2.8.9/objectdb.conf

[2024-03-12 22:50:39 #3 type] 
Type evinopobjectdb.Analisis is not enhanced.

[2024-03-12 22:50:39 #4 type] 
Type evinopobjectdb.Uvas is not enhanced.

[2024-03-12 22:50:39 #5 type] 
Type evinopobjectdb.Clientes is not enhanced.

------------------------------------------------------------------------------------------------------------------------

[2024-03-12 22:57:25 #1 store] 
Database '/home/ubuntu/DAM2/AD/Trimestre2/Ejercicios/3_evinopobjectdb/evinopobjectdb/src/evinopobjectdb/traballos.odb' is opened by 121295@ubuntupc

[2024-03-12 22:57:25 #2 store] 
Configuration path: /home/ubuntu/DAM2/AD/Trimestre2/Drivers/objectdb-2.8.9/objectdb.conf

[2024-03-12 22:57:25 #3 type] 
Type evinopobjectdb.Analisis is not enhanced.

[2024-03-12 22:57:25 #4 type] 
Type evinopobjectdb.Uvas is not enhanced.

[2024-03-12 22:57:25 #5 type] 
Type evinopobjectdb.Clientes is not enhanced.

------------------------------------------------------------------------------------------------------------------------

[2024-03-12 23:04:49 #1 store] 
Database '/home/ubuntu/DAM2/AD/Trimestre2/Ejercicios/3_evinopobjectdb/evinopobjectdb/src/evinopobjectdb/traballos.odb' is opened by 121875@ubuntupc

[2024-03-12 23:04:49 #2 store] 
Configuration path: /home/ubuntu/DAM2/AD/Trimestre2/Drivers/objectdb-2.8.9/objectdb.conf

[2024-03-12 23:04:49 #3 type] 
Type evinopobjectdb.Analisis is not enhanced.

[2024-03-12 23:04:49 #4 type] 
Type evinopobjectdb.Uvas is not enhanced.

[2024-03-12 23:04:49 #5 type] 
Type evinopobjectdb.Clientes is not enhanced.

[2024-03-12 23:04:49 #6 type] 
Type evinopobjectdb.Xerado is not enhanced.

------------------------------------------------------------------------------------------------------------------------

[2024-03-12 23:04:57 #1 store] 
Database '/home/ubuntu/DAM2/AD/Trimestre2/Ejercicios/3_evinopobjectdb/evinopobjectdb/src/evinopobjectdb/traballos.odb' has been recovered (tr. 9-10)

[2024-03-12 23:04:57 #2 store] 
Database '/home/ubuntu/DAM2/AD/Trimestre2/Ejercicios/3_evinopobjectdb/evinopobjectdb/src/evinopobjectdb/traballos.odb' is opened by 121915@ubuntupc

[2024-03-12 23:04:57 #3 store] 
Configuration path: /home/ubuntu/DAM2/AD/Trimestre2/Drivers/objectdb-2.8.9/objectdb.conf

[2024-03-12 23:05:27 #4 store] 
Database '/home/ubuntu/DAM2/AD/Trimestre2/Ejercicios/3_evinopobjectdb/evinopobjectdb/src/evinopobjectdb/traballos.odb' is closed by 121915@ubuntupc

------------------------------------------------------------------------------------------------------------------------

[2024-03-12 23:30:32 #1 store] 
Database '/home/ubuntu/DAM2/AD/Trimestre2/Ejercicios/3_evinopobjectdb/evinopobjectdb/src/evinopobjectdb/traballos.odb' is opened by 122402@ubuntupc

[2024-03-12 23:30:32 #2 store] 
Configuration path: /home/ubuntu/DAM2/AD/Trimestre2/Drivers/objectdb-2.8.9/objectdb.conf

[2024-03-12 23:30:32 #3 type] 
Type evinopobjectdb.Analisis is not enhanced.

[2024-03-12 23:30:32 #4 type] 
Type evinopobjectdb.Uvas is not enhanced.

[2024-03-12 23:30:32 #5 type] 
Type evinopobjectdb.Clientes is not enhanced.

[2024-03-12 23:30:32 #6 type] 
Type evinopobjectdb.Xerado is not enhanced.

------------------------------------------------------------------------------------------------------------------------

[2024-03-12 23:31:26 #1 store] 
Database '/home/ubuntu/DAM2/AD/Trimestre2/Ejercicios/3_evinopobjectdb/evinopobjectdb/src/evinopobjectdb/traballos.odb' is opened by 122436@ubuntupc

[2024-03-12 23:31:26 #2 store] 
Configuration path: /home/ubuntu/DAM2/AD/Trimestre2/Drivers/objectdb-2.8.9/objectdb.conf

[2024-03-12 23:31:26 #3 type] 
Type evinopobjectdb.Analisis is not enhanced.

[2024-03-12 23:31:26 #4 type] 
Type evinopobjectdb.Uvas is not enhanced.

[2024-03-12 23:31:26 #5 type] 
Type evinopobjectdb.Clientes is not enhanced.

[2024-03-12 23:31:26 #6 type] 
Type evinopobjectdb.Xerado is not enhanced.

------------------------------------------------------------------------------------------------------------------------

[2024-03-12 23:32:19 #1 store] 
Database '/home/ubuntu/DAM2/AD/Trimestre2/Ejercicios/3_evinopobjectdb/evinopobjectdb/src/evinopobjectdb/traballos.odb' is opened by 122479@ubuntupc

[2024-03-12 23:32:19 #2 store] 
Configuration path: /home/ubuntu/DAM2/AD/Trimestre2/Drivers/objectdb-2.8.9/objectdb.conf

[2024-03-12 23:33:37 #3 store] 
Database '/home/ubuntu/DAM2/AD/Trimestre2/Ejercicios/3_evinopobjectdb/evinopobjectdb/src/evinopobjectdb/traballos.odb' is closed by 122479@ubuntupc

------------------------------------------------------------------------------------------------------------------------

[2024-03-12 23:33:38 #1 store] 
Database '/home/ubuntu/DAM2/AD/Trimestre2/Ejercicios/3_evinopobjectdb/evinopobjectdb/src/evinopobjectdb/traballos.odb' is opened by 122615@ubuntupc

[2024-03-12 23:33:38 #2 store] 
Configuration path: /home/ubuntu/DAM2/AD/Trimestre2/Drivers/objectdb-2.8.9/objectdb.conf

[2024-03-12 23:33:38 #3 type] 
Type evinopobjectdb.Analisis is not enhanced.

[2024-03-12 23:33:38 #4 type] 
Type evinopobjectdb.Uvas is not enhanced.

[2024-03-12 23:33:38 #5 type] 
Type evinopobjectdb.Clientes is not enhanced.

[2024-03-12 23:33:38 #6 type] 
Type evinopobjectdb.Xerado is not enhanced.

------------------------------------------------------------------------------------------------------------------------

[2024-03-12 23:33:45 #1 store] 
Database '/home/ubuntu/DAM2/AD/Trimestre2/Ejercicios/3_evinopobjectdb/evinopobjectdb/src/evinopobjectdb/traballos.odb' has been recovered (tr. 11-11)

[2024-03-12 23:33:45 #2 store] 
Database '/home/ubuntu/DAM2/AD/Trimestre2/Ejercicios/3_evinopobjectdb/evinopobjectdb/src/evinopobjectdb/traballos.odb' is opened by 122646@ubuntupc

[2024-03-12 23:33:45 #3 store] 
Configuration path: /home/ubuntu/DAM2/AD/Trimestre2/Drivers/objectdb-2.8.9/objectdb.conf

[2024-03-12 23:34:05 #4 store] 
Database '/home/ubuntu/DAM2/AD/Trimestre2/Ejercicios/3_evinopobjectdb/evinopobjectdb/src/evinopobjectdb/traballos.odb' is closed by 122646@ubuntupc

