------------------------------------------------------------------------------------------------------------------------

[2024-03-14 13:30:15 #1 store] 
Database '/home/ubuntu/DAM2/AD/Trimestre2/Ejercicios/3_evinopobjectdb/evinopobjectdb/src/evinopobjectdb/traballos.odb' is opened by 151468@ubuntupc

[2024-03-14 13:30:15 #2 store] 
Configuration path: /home/ubuntu/DAM2/AD/Trimestre2/Drivers/objectdb-2.8.9/objectdb.conf

------------------------------------------------------------------------------------------------------------------------

[2024-03-14 13:33:47 #1 store] 
Database '/home/ubuntu/DAM2/AD/Trimestre2/Ejercicios/3_evinopobjectdb/evinopobjectdb/src/evinopobjectdb/traballos.odb' is opened by 153788@ubuntupc

[2024-03-14 13:33:47 #2 store] 
Configuration path: /home/ubuntu/DAM2/AD/Trimestre2/Drivers/objectdb-2.8.9/objectdb.conf

[2024-03-14 13:33:57 #3 store] 
Database '/home/ubuntu/DAM2/AD/Trimestre2/Ejercicios/3_evinopobjectdb/evinopobjectdb/src/evinopobjectdb/traballos.odb' is closed by 153788@ubuntupc

[2024-03-14 13:33:57 #4 store] 
Database '/home/ubuntu/DAM2/AD/Trimestre2/Ejercicios/3_evinopobjectdb/evinopobjectdb/src/evinopobjectdb/traballos.odb' is opened by 153788@ubuntupc

[2024-03-14 13:33:57 #5 store] 
Configuration path: /home/ubuntu/DAM2/AD/Trimestre2/Drivers/objectdb-2.8.9/objectdb.conf

[2024-03-14 13:34:08 #6 store] 
Database '/home/ubuntu/DAM2/AD/Trimestre2/Ejercicios/3_evinopobjectdb/evinopobjectdb/src/evinopobjectdb/traballos.odb' is closed by 153788@ubuntupc

------------------------------------------------------------------------------------------------------------------------

[2024-03-14 13:50:06 #1 store] 
Database '/home/ubuntu/DAM2/AD/Trimestre2/Ejercicios/3_evinopobjectdb/evinopobjectdb/src/evinopobjectdb/traballos.odb' is opened by 158393@ubuntupc

[2024-03-14 13:50:06 #2 store] 
Configuration path: /home/ubuntu/DAM2/AD/Trimestre2/Drivers/objectdb-2.8.9/objectdb.conf

[2024-03-14 13:50:06 #3 type] 
Type evinopobjectdb.Analisis is not enhanced.

[2024-03-14 13:50:06 #4 type] 
Type evinopobjectdb.Uvas is not enhanced.

[2024-03-14 13:50:06 #5 type] 
Type evinopobjectdb.Clientes is not enhanced.

------------------------------------------------------------------------------------------------------------------------

[2024-03-14 13:50:32 #1 store] 
Database '/home/ubuntu/DAM2/AD/Trimestre2/Ejercicios/3_evinopobjectdb/evinopobjectdb/src/evinopobjectdb/traballos.odb' is opened by 158538@ubuntupc

[2024-03-14 13:50:32 #2 store] 
Configuration path: /home/ubuntu/DAM2/AD/Trimestre2/Drivers/objectdb-2.8.9/objectdb.conf

[2024-03-14 13:50:32 #3 type] 
Type evinopobjectdb.Analisis is not enhanced.

[2024-03-14 13:50:32 #4 type] 
Type evinopobjectdb.Uvas is not enhanced.

[2024-03-14 13:50:32 #5 type] 
Type evinopobjectdb.Clientes is not enhanced.

------------------------------------------------------------------------------------------------------------------------

[2024-03-14 14:08:22 #1 store] 
Database '/home/ubuntu/DAM2/AD/Trimestre2/Ejercicios/3_evinopobjectdb/evinopobjectdb/src/evinopobjectdb/traballos.odb' is opened by 163385@ubuntupc

[2024-03-14 14:08:22 #2 store] 
Configuration path: /home/ubuntu/DAM2/AD/Trimestre2/Drivers/objectdb-2.8.9/objectdb.conf

[2024-03-14 14:08:22 #3 type] 
Type evinopobjectdb.Analisis is not enhanced.

[2024-03-14 14:08:22 #4 type] 
Type evinopobjectdb.Uvas is not enhanced.

[2024-03-14 14:08:22 #5 type] 
Type evinopobjectdb.Clientes is not enhanced.

------------------------------------------------------------------------------------------------------------------------

[2024-03-14 14:15:25 #1 store] 
Database '/home/ubuntu/DAM2/AD/Trimestre2/Ejercicios/3_evinopobjectdb/evinopobjectdb/src/evinopobjectdb/traballos.odb' is opened by 165338@ubuntupc

[2024-03-14 14:15:25 #2 store] 
Configuration path: /home/ubuntu/DAM2/AD/Trimestre2/Drivers/objectdb-2.8.9/objectdb.conf

[2024-03-14 14:15:25 #3 type] 
Type evinopobjectdb.Analisis is not enhanced.

[2024-03-14 14:15:25 #4 type] 
Type evinopobjectdb.Uvas is not enhanced.

[2024-03-14 14:15:25 #5 type] 
Type evinopobjectdb.Clientes is not enhanced.

------------------------------------------------------------------------------------------------------------------------

[2024-03-14 14:31:45 #1 store] 
Database '/home/ubuntu/DAM2/AD/Trimestre2/Ejercicios/3_evinopobjectdb/evinopobjectdb/src/evinopobjectdb/traballos.odb' is opened by 169916@ubuntupc

[2024-03-14 14:31:45 #2 store] 
Configuration path: /home/ubuntu/DAM2/AD/Trimestre2/Drivers/objectdb-2.8.9/objectdb.conf

[2024-03-14 14:31:45 #3 type] 
Type evinopobjectdb.Analisis is not enhanced.

[2024-03-14 14:31:45 #4 type] 
Type evinopobjectdb.Uvas is not enhanced.

[2024-03-14 14:31:45 #5 type] 
Type evinopobjectdb.Clientes is not enhanced.

------------------------------------------------------------------------------------------------------------------------

[2024-03-14 14:49:06 #1 store] 
Database '/home/ubuntu/DAM2/AD/Trimestre2/Ejercicios/3_evinopobjectdb/evinopobjectdb/src/evinopobjectdb/traballos.odb' is opened by 174705@ubuntupc

[2024-03-14 14:49:06 #2 store] 
Configuration path: /home/ubuntu/DAM2/AD/Trimestre2/Drivers/objectdb-2.8.9/objectdb.conf

[2024-03-14 14:49:06 #3 type] 
Type evinopobjectdb.Analisis is not enhanced.

[2024-03-14 14:49:06 #4 type] 
Type evinopobjectdb.Uvas is not enhanced.

[2024-03-14 14:49:06 #5 type] 
Type evinopobjectdb.Clientes is not enhanced.

------------------------------------------------------------------------------------------------------------------------

[2024-03-14 14:49:45 #1 store] 
Database '/home/ubuntu/DAM2/AD/Trimestre2/Ejercicios/3_evinopobjectdb/evinopobjectdb/src/evinopobjectdb/traballos.odb' is opened by 174918@ubuntupc

[2024-03-14 14:49:45 #2 store] 
Configuration path: /home/ubuntu/DAM2/AD/Trimestre2/Drivers/objectdb-2.8.9/objectdb.conf

[2024-03-14 14:49:45 #3 type] 
Type evinopobjectdb.Analisis is not enhanced.

[2024-03-14 14:49:45 #4 type] 
Type evinopobjectdb.Uvas is not enhanced.

[2024-03-14 14:49:45 #5 type] 
Type evinopobjectdb.Clientes is not enhanced.

------------------------------------------------------------------------------------------------------------------------

[2024-03-14 14:51:02 #1 store] 
Database '/home/ubuntu/DAM2/AD/Trimestre2/Ejercicios/3_evinopobjectdb/evinopobjectdb/src/evinopobjectdb/traballos.odb' is opened by 175289@ubuntupc

[2024-03-14 14:51:02 #2 store] 
Configuration path: /home/ubuntu/DAM2/AD/Trimestre2/Drivers/objectdb-2.8.9/objectdb.conf

[2024-03-14 14:51:02 #3 type] 
Type evinopobjectdb.Analisis is not enhanced.

[2024-03-14 14:51:02 #4 type] 
Type evinopobjectdb.Uvas is not enhanced.

[2024-03-14 14:51:02 #5 type] 
Type evinopobjectdb.Clientes is not enhanced.

------------------------------------------------------------------------------------------------------------------------

[2024-03-14 14:52:19 #1 store] 
Database '/home/ubuntu/DAM2/AD/Trimestre2/Ejercicios/3_evinopobjectdb/evinopobjectdb/src/evinopobjectdb/traballos.odb' is opened by 175690@ubuntupc

[2024-03-14 14:52:19 #2 store] 
Configuration path: /home/ubuntu/DAM2/AD/Trimestre2/Drivers/objectdb-2.8.9/objectdb.conf

[2024-03-14 14:52:19 #3 type] 
Type evinopobjectdb.Analisis is not enhanced.

[2024-03-14 14:52:19 #4 type] 
Type evinopobjectdb.Uvas is not enhanced.

[2024-03-14 14:52:19 #5 type] 
Type evinopobjectdb.Clientes is not enhanced.

------------------------------------------------------------------------------------------------------------------------

[2024-03-14 14:53:06 #1 store] 
Database '/home/ubuntu/DAM2/AD/Trimestre2/Ejercicios/3_evinopobjectdb/evinopobjectdb/src/evinopobjectdb/traballos.odb' is opened by 175928@ubuntupc

[2024-03-14 14:53:06 #2 store] 
Configuration path: /home/ubuntu/DAM2/AD/Trimestre2/Drivers/objectdb-2.8.9/objectdb.conf

[2024-03-14 14:53:06 #3 type] 
Type evinopobjectdb.Analisis is not enhanced.

[2024-03-14 14:53:06 #4 type] 
Type evinopobjectdb.Uvas is not enhanced.

[2024-03-14 14:53:06 #5 type] 
Type evinopobjectdb.Clientes is not enhanced.

------------------------------------------------------------------------------------------------------------------------

[2024-03-14 14:56:01 #1 store] 
Database '/home/ubuntu/DAM2/AD/Trimestre2/Ejercicios/3_evinopobjectdb/evinopobjectdb/src/evinopobjectdb/traballos.odb' is opened by 176827@ubuntupc

[2024-03-14 14:56:01 #2 store] 
Configuration path: /home/ubuntu/DAM2/AD/Trimestre2/Drivers/objectdb-2.8.9/objectdb.conf

[2024-03-14 14:56:01 #3 type] 
Type evinopobjectdb.Analisis is not enhanced.

[2024-03-14 14:56:01 #4 type] 
Type evinopobjectdb.Uvas is not enhanced.

[2024-03-14 14:56:01 #5 type] 
Type evinopobjectdb.Clientes is not enhanced.

------------------------------------------------------------------------------------------------------------------------

[2024-03-14 14:57:12 #1 store] 
Database '/home/ubuntu/DAM2/AD/Trimestre2/Ejercicios/3_evinopobjectdb/evinopobjectdb/src/evinopobjectdb/traballos.odb' is opened by 177211@ubuntupc

[2024-03-14 14:57:12 #2 store] 
Configuration path: /home/ubuntu/DAM2/AD/Trimestre2/Drivers/objectdb-2.8.9/objectdb.conf

[2024-03-14 14:57:12 #3 type] 
Type evinopobjectdb.Analisis is not enhanced.

[2024-03-14 14:57:12 #4 type] 
Type evinopobjectdb.Uvas is not enhanced.

[2024-03-14 14:57:12 #5 type] 
Type evinopobjectdb.Clientes is not enhanced.

------------------------------------------------------------------------------------------------------------------------

[2024-03-14 14:59:50 #1 store] 
Database '/home/ubuntu/DAM2/AD/Trimestre2/Ejercicios/3_evinopobjectdb/evinopobjectdb/src/evinopobjectdb/traballos.odb' is opened by 178166@ubuntupc

[2024-03-14 14:59:50 #2 store] 
Configuration path: /home/ubuntu/DAM2/AD/Trimestre2/Drivers/objectdb-2.8.9/objectdb.conf

[2024-03-14 14:59:50 #3 type] 
Type evinopobjectdb.Analisis is not enhanced.

[2024-03-14 14:59:50 #4 type] 
Type evinopobjectdb.Uvas is not enhanced.

[2024-03-14 14:59:50 #5 type] 
Type evinopobjectdb.Clientes is not enhanced.

------------------------------------------------------------------------------------------------------------------------

[2024-03-14 15:01:27 #1 store] 
Database '/home/ubuntu/DAM2/AD/Trimestre2/Ejercicios/3_evinopobjectdb/evinopobjectdb/src/evinopobjectdb/traballos.odb' is opened by 178612@ubuntupc

[2024-03-14 15:01:27 #2 store] 
Configuration path: /home/ubuntu/DAM2/AD/Trimestre2/Drivers/objectdb-2.8.9/objectdb.conf

[2024-03-14 15:01:27 #3 type] 
Type evinopobjectdb.Analisis is not enhanced.

[2024-03-14 15:01:27 #4 type] 
Type evinopobjectdb.Uvas is not enhanced.

[2024-03-14 15:01:27 #5 type] 
Type evinopobjectdb.Clientes is not enhanced.

------------------------------------------------------------------------------------------------------------------------

[2024-03-14 15:05:19 #1 store] 
Database '/home/ubuntu/DAM2/AD/Trimestre2/Ejercicios/3_evinopobjectdb/evinopobjectdb/src/evinopobjectdb/traballos.odb' is opened by 179705@ubuntupc

[2024-03-14 15:05:19 #2 store] 
Configuration path: /home/ubuntu/DAM2/AD/Trimestre2/Drivers/objectdb-2.8.9/objectdb.conf

[2024-03-14 15:05:19 #3 type] 
Type evinopobjectdb.Analisis is not enhanced.

[2024-03-14 15:05:19 #4 type] 
Type evinopobjectdb.Uvas is not enhanced.

[2024-03-14 15:05:19 #5 type] 
Type evinopobjectdb.Clientes is not enhanced.

------------------------------------------------------------------------------------------------------------------------

[2024-03-14 15:06:40 #1 store] 
Database '/home/ubuntu/DAM2/AD/Trimestre2/Ejercicios/3_evinopobjectdb/evinopobjectdb/src/evinopobjectdb/traballos.odb' is opened by 180108@ubuntupc

[2024-03-14 15:06:40 #2 store] 
Configuration path: /home/ubuntu/DAM2/AD/Trimestre2/Drivers/objectdb-2.8.9/objectdb.conf

[2024-03-14 15:06:40 #3 type] 
Type evinopobjectdb.Analisis is not enhanced.

[2024-03-14 15:06:40 #4 type] 
Type evinopobjectdb.Uvas is not enhanced.

[2024-03-14 15:06:40 #5 type] 
Type evinopobjectdb.Clientes is not enhanced.

------------------------------------------------------------------------------------------------------------------------

[2024-03-14 15:12:07 #1 store] 
Database '/home/ubuntu/DAM2/AD/Trimestre2/Ejercicios/3_evinopobjectdb/evinopobjectdb/src/evinopobjectdb/traballos.odb' is opened by 181653@ubuntupc

[2024-03-14 15:12:07 #2 store] 
Configuration path: /home/ubuntu/DAM2/AD/Trimestre2/Drivers/objectdb-2.8.9/objectdb.conf

[2024-03-14 15:17:47 #3 store] 
Database '/home/ubuntu/DAM2/AD/Trimestre2/Ejercicios/3_evinopobjectdb/evinopobjectdb/src/evinopobjectdb/traballos.odb' is closed by 181653@ubuntupc

------------------------------------------------------------------------------------------------------------------------

[2024-03-14 15:17:50 #1 store] 
Database '/home/ubuntu/DAM2/AD/Trimestre2/Ejercicios/3_evinopobjectdb/evinopobjectdb/src/evinopobjectdb/traballos.odb' is opened by 183330@ubuntupc

[2024-03-14 15:17:50 #2 store] 
Configuration path: /home/ubuntu/DAM2/AD/Trimestre2/Drivers/objectdb-2.8.9/objectdb.conf

[2024-03-14 15:17:50 #3 type] 
Type evinopobjectdb.Analisis is not enhanced.

[2024-03-14 15:17:50 #4 type] 
Type evinopobjectdb.Uvas is not enhanced.

[2024-03-14 15:17:50 #5 type] 
Type evinopobjectdb.Clientes is not enhanced.

[2024-03-14 15:17:50 #6 type] 
Type evinopobjectdb.Xerado is not enhanced.

------------------------------------------------------------------------------------------------------------------------

[2024-03-14 15:19:47 #1 store] 
Database '/home/ubuntu/DAM2/AD/Trimestre2/Ejercicios/3_evinopobjectdb/evinopobjectdb/src/evinopobjectdb/traballos.odb' is opened by 183998@ubuntupc

[2024-03-14 15:19:47 #2 store] 
Configuration path: /home/ubuntu/DAM2/AD/Trimestre2/Drivers/objectdb-2.8.9/objectdb.conf

[2024-03-14 15:19:47 #3 type] 
Type evinopobjectdb.Analisis is not enhanced.

[2024-03-14 15:19:47 #4 type] 
Type evinopobjectdb.Uvas is not enhanced.

[2024-03-14 15:19:47 #5 type] 
Type evinopobjectdb.Clientes is not enhanced.

[2024-03-14 15:19:47 #6 type] 
Type evinopobjectdb.Xerado is not enhanced.

------------------------------------------------------------------------------------------------------------------------

[2024-03-14 15:19:58 #1 store] 
Database '/home/ubuntu/DAM2/AD/Trimestre2/Ejercicios/3_evinopobjectdb/evinopobjectdb/src/evinopobjectdb/traballos.odb' has been recovered (tr. 9-13)

[2024-03-14 15:19:58 #2 store] 
Database '/home/ubuntu/DAM2/AD/Trimestre2/Ejercicios/3_evinopobjectdb/evinopobjectdb/src/evinopobjectdb/traballos.odb' is opened by 184117@ubuntupc

[2024-03-14 15:19:58 #3 store] 
Configuration path: /home/ubuntu/DAM2/AD/Trimestre2/Drivers/objectdb-2.8.9/objectdb.conf

[2024-03-14 15:26:36 #4 store] 
Database '/home/ubuntu/DAM2/AD/Trimestre2/Ejercicios/3_evinopobjectdb/evinopobjectdb/src/evinopobjectdb/traballos.odb' is closed by 184117@ubuntupc

------------------------------------------------------------------------------------------------------------------------

[2024-03-14 15:26:37 #1 store] 
Database '/home/ubuntu/DAM2/AD/Trimestre2/Ejercicios/3_evinopobjectdb/evinopobjectdb/src/evinopobjectdb/traballos.odb' is opened by 186015@ubuntupc

[2024-03-14 15:26:37 #2 store] 
Configuration path: /home/ubuntu/DAM2/AD/Trimestre2/Drivers/objectdb-2.8.9/objectdb.conf

[2024-03-14 15:26:38 #3 type] 
Type evinopobjectdb.Analisis is not enhanced.

[2024-03-14 15:26:38 #4 type] 
Type evinopobjectdb.Uvas is not enhanced.

[2024-03-14 15:26:38 #5 type] 
Type evinopobjectdb.Clientes is not enhanced.

[2024-03-14 15:26:38 #6 type] 
Type evinopobjectdb.Xerado is not enhanced.

------------------------------------------------------------------------------------------------------------------------

[2024-03-14 15:28:00 #1 store] 
Database '/home/ubuntu/DAM2/AD/Trimestre2/Ejercicios/3_evinopobjectdb/evinopobjectdb/src/evinopobjectdb/traballos.odb' is opened by 186406@ubuntupc

[2024-03-14 15:28:00 #2 store] 
Configuration path: /home/ubuntu/DAM2/AD/Trimestre2/Drivers/objectdb-2.8.9/objectdb.conf

[2024-03-14 15:28:31 #3 store] 
Database '/home/ubuntu/DAM2/AD/Trimestre2/Ejercicios/3_evinopobjectdb/evinopobjectdb/src/evinopobjectdb/traballos.odb' is closed by 186406@ubuntupc

------------------------------------------------------------------------------------------------------------------------

[2024-03-14 15:28:36 #1 store] 
Database '/home/ubuntu/DAM2/AD/Trimestre2/Ejercicios/3_evinopobjectdb/evinopobjectdb/src/evinopobjectdb/traballos.odb' is opened by 186669@ubuntupc

[2024-03-14 15:28:36 #2 store] 
Configuration path: /home/ubuntu/DAM2/AD/Trimestre2/Drivers/objectdb-2.8.9/objectdb.conf

[2024-03-14 15:28:36 #3 type] 
Type evinopobjectdb.Analisis is not enhanced.

[2024-03-14 15:28:36 #4 type] 
Type evinopobjectdb.Uvas is not enhanced.

[2024-03-14 15:28:36 #5 type] 
Type evinopobjectdb.Clientes is not enhanced.

[2024-03-14 15:28:36 #6 type] 
Type evinopobjectdb.Xerado is not enhanced.

------------------------------------------------------------------------------------------------------------------------

[2024-03-14 15:28:53 #1 store] 
Database '/home/ubuntu/DAM2/AD/Trimestre2/Ejercicios/3_evinopobjectdb/evinopobjectdb/src/evinopobjectdb/traballos.odb' has been recovered (tr. 14-17)

[2024-03-14 15:28:53 #2 store] 
Database '/home/ubuntu/DAM2/AD/Trimestre2/Ejercicios/3_evinopobjectdb/evinopobjectdb/src/evinopobjectdb/traballos.odb' is opened by 186777@ubuntupc

[2024-03-14 15:28:53 #3 store] 
Configuration path: /home/ubuntu/DAM2/AD/Trimestre2/Drivers/objectdb-2.8.9/objectdb.conf

[2024-03-14 15:29:12 #4 store] 
Database '/home/ubuntu/DAM2/AD/Trimestre2/Ejercicios/3_evinopobjectdb/evinopobjectdb/src/evinopobjectdb/traballos.odb' is closed by 186777@ubuntupc

------------------------------------------------------------------------------------------------------------------------

[2024-03-14 19:26:59 #1 store] 
Database '/home/ubuntu/DAM2/AD/Trimestre2/Ejercicios/5_pinvasoras/pinvasoras/src/pinvasoras/encontradasezonas.odb' is opened by 250283@ubuntupc

[2024-03-14 19:26:59 #2 store] 
Configuration path: /home/ubuntu/DAM2/AD/Trimestre2/Drivers/objectdb-2.8.9/objectdb.conf

[2024-03-14 19:26:59 #3 type] 
Type pinvasoras.Zonas is not enhanced.

[2024-03-14 19:26:59 #4 type] 
Type pinvasoras.Encontradas is not enhanced.

[2024-03-14 19:26:59 #5 store] 
Database '/home/ubuntu/DAM2/AD/Trimestre2/Ejercicios/5_pinvasoras/pinvasoras/src/pinvasoras/encontradasezonas.odb' is closed by 250283@ubuntupc

------------------------------------------------------------------------------------------------------------------------

[2024-03-14 19:27:14 #1 store] 
Database '/home/ubuntu/DAM2/AD/Trimestre2/Ejercicios/5_pinvasoras/pinvasoras/src/pinvasoras/encontradasezonas.odb' is opened by 250313@ubuntupc

[2024-03-14 19:27:14 #2 store] 
Configuration path: /home/ubuntu/DAM2/AD/Trimestre2/Drivers/objectdb-2.8.9/objectdb.conf

[2024-03-14 19:32:11 #3 store] 
Database '/home/ubuntu/DAM2/AD/Trimestre2/Ejercicios/5_pinvasoras/pinvasoras/src/pinvasoras/encontradasezonas.odb' is closed by 250313@ubuntupc

[2024-03-14 19:32:11 #4 store] 
Database '/home/ubuntu/DAM2/AD/Trimestre2/Ejercicios/5_pinvasoras/enun/encontradasezonas.odb' is opened by 250313@ubuntupc

[2024-03-14 19:32:11 #5 store] 
Configuration path: /home/ubuntu/DAM2/AD/Trimestre2/Drivers/objectdb-2.8.9/objectdb.conf

[2024-03-14 19:32:25 #6 store] 
Database '/home/ubuntu/DAM2/AD/Trimestre2/Ejercicios/5_pinvasoras/enun/encontradasezonas.odb' is closed by 250313@ubuntupc

------------------------------------------------------------------------------------------------------------------------

[2024-03-14 19:32:26 #1 store] 
Database '/home/ubuntu/DAM2/AD/Trimestre2/Ejercicios/5_pinvasoras/enun/encontradasezonas.odb' is opened by 250494@ubuntupc

[2024-03-14 19:32:26 #2 store] 
Configuration path: /home/ubuntu/DAM2/AD/Trimestre2/Drivers/objectdb-2.8.9/objectdb.conf

[2024-03-14 19:32:28 #3 store] 
Database '/home/ubuntu/DAM2/AD/Trimestre2/Ejercicios/5_pinvasoras/enun/encontradasezonas.odb' is closed by 250494@ubuntupc

------------------------------------------------------------------------------------------------------------------------

[2024-03-14 19:34:17 #1 store] 
Database '/home/ubuntu/DAM2/AD/Trimestre2/Ejercicios/5_pinvasoras/enun/encontradasezonas.odb' is opened by 250932@ubuntupc

[2024-03-14 19:34:17 #2 store] 
Configuration path: /home/ubuntu/DAM2/AD/Trimestre2/Drivers/objectdb-2.8.9/objectdb.conf

[2024-03-14 19:37:16 #3 store] 
Database '/home/ubuntu/DAM2/AD/Trimestre2/Ejercicios/5_pinvasoras/enun/encontradasezonas.odb' is closed by 250932@ubuntupc

[2024-03-14 19:37:16 #4 store] 
Database '/home/ubuntu/Descargas/encontradasezonas(1).odb' is opened by 250932@ubuntupc

[2024-03-14 19:37:16 #5 store] 
Configuration path: /home/ubuntu/DAM2/AD/Trimestre2/Drivers/objectdb-2.8.9/objectdb.conf

[2024-03-14 19:37:38 #6 store] 
Database '/home/ubuntu/Descargas/encontradasezonas(1).odb' is closed by 250932@ubuntupc

------------------------------------------------------------------------------------------------------------------------

[2024-03-14 19:37:51 #1 store] 
Database '/home/ubuntu/Descargas/encontradasezonas(1).odb' is opened by 251166@ubuntupc

[2024-03-14 19:37:51 #2 store] 
Configuration path: /home/ubuntu/DAM2/AD/Trimestre2/Drivers/objectdb-2.8.9/objectdb.conf

[2024-03-14 19:45:35 #3 store] 
Database '/home/ubuntu/Descargas/encontradasezonas(1).odb' is closed by 251166@ubuntupc

------------------------------------------------------------------------------------------------------------------------

[2024-03-14 19:52:12 #1 store] 
Database '/home/ubuntu/DAM2/AD/Trimestre2/Ejercicios/5_pinvasoras/pinvasoras/src/pinvasoras/encontradasezonas.odb' is opened by 251851@ubuntupc

[2024-03-14 19:52:12 #2 store] 
Configuration path: /home/ubuntu/DAM2/AD/Trimestre2/Drivers/objectdb-2.8.9/objectdb.conf

[2024-03-14 19:52:12 #3 type] 
Type pinvasoras.Zonas is not enhanced.

[2024-03-14 19:52:12 #4 type] 
Type pinvasoras.Encontradas is not enhanced.

[2024-03-14 19:52:12 #5 store] 
Database '/home/ubuntu/DAM2/AD/Trimestre2/Ejercicios/5_pinvasoras/pinvasoras/src/pinvasoras/encontradasezonas.odb' is closed by 251851@ubuntupc

------------------------------------------------------------------------------------------------------------------------

[2024-03-14 20:10:31 #1 store] 
Database '/home/ubuntu/DAM2/AD/Trimestre2/Ejercicios/5_pinvasoras/pinvasoras/src/pinvasoras/encontradasezonas.odb' is opened by 252349@ubuntupc

[2024-03-14 20:10:31 #2 store] 
Configuration path: /home/ubuntu/DAM2/AD/Trimestre2/Drivers/objectdb-2.8.9/objectdb.conf

[2024-03-14 20:10:31 #3 type] 
Type pinvasoras.Zonas is not enhanced.

[2024-03-14 20:10:31 #4 type] 
Type pinvasoras.Encontradas is not enhanced.

[2024-03-14 20:10:31 #5 store] 
Database '/home/ubuntu/DAM2/AD/Trimestre2/Ejercicios/5_pinvasoras/pinvasoras/src/pinvasoras/encontradasezonas.odb' is closed by 252349@ubuntupc

------------------------------------------------------------------------------------------------------------------------

[2024-03-14 20:12:20 #1 store] 
Database '/home/ubuntu/DAM2/AD/Trimestre2/Ejercicios/5_pinvasoras/pinvasoras/src/pinvasoras/encontradasezonas.odb' is opened by 252412@ubuntupc

[2024-03-14 20:12:20 #2 store] 
Configuration path: /home/ubuntu/DAM2/AD/Trimestre2/Drivers/objectdb-2.8.9/objectdb.conf

[2024-03-14 20:13:05 #3 store] 
Database '/home/ubuntu/DAM2/AD/Trimestre2/Ejercicios/5_pinvasoras/pinvasoras/src/pinvasoras/encontradasezonas.odb' is closed by 252412@ubuntupc

------------------------------------------------------------------------------------------------------------------------

[2024-03-14 20:13:07 #1 store] 
Database '/home/ubuntu/DAM2/AD/Trimestre2/Ejercicios/5_pinvasoras/pinvasoras/src/pinvasoras/encontradasezonas.odb' is opened by 252492@ubuntupc

[2024-03-14 20:13:07 #2 store] 
Configuration path: /home/ubuntu/DAM2/AD/Trimestre2/Drivers/objectdb-2.8.9/objectdb.conf

[2024-03-14 20:13:07 #3 type] 
Type pinvasoras.Zonas is not enhanced.

[2024-03-14 20:13:07 #4 type] 
Type pinvasoras.Encontradas is not enhanced.

------------------------------------------------------------------------------------------------------------------------

[2024-03-14 20:14:19 #1 store] 
Database '/home/ubuntu/DAM2/AD/Trimestre2/Ejercicios/5_pinvasoras/pinvasoras/src/pinvasoras/encontradasezonas.odb' is opened by 252628@ubuntupc

[2024-03-14 20:14:19 #2 store] 
Configuration path: /home/ubuntu/DAM2/AD/Trimestre2/Drivers/objectdb-2.8.9/objectdb.conf

[2024-03-14 20:14:19 #3 type] 
Type pinvasoras.Zonas is not enhanced.

[2024-03-14 20:14:19 #4 type] 
Type pinvasoras.Encontradas is not enhanced.

[2024-03-14 20:14:19 #5 store] 
Database '/home/ubuntu/DAM2/AD/Trimestre2/Ejercicios/5_pinvasoras/pinvasoras/src/pinvasoras/encontradasezonas.odb' is closed by 252628@ubuntupc

------------------------------------------------------------------------------------------------------------------------

[2024-03-14 20:14:46 #1 store] 
Database '/home/ubuntu/DAM2/AD/Trimestre2/Ejercicios/5_pinvasoras/pinvasoras/src/pinvasoras/encontradasezonas.odb' is opened by 252693@ubuntupc

[2024-03-14 20:14:46 #2 store] 
Configuration path: /home/ubuntu/DAM2/AD/Trimestre2/Drivers/objectdb-2.8.9/objectdb.conf

[2024-03-14 20:16:56 #3 store] 
Database '/home/ubuntu/DAM2/AD/Trimestre2/Ejercicios/5_pinvasoras/pinvasoras/src/pinvasoras/encontradasezonas.odb' is closed by 252693@ubuntupc

------------------------------------------------------------------------------------------------------------------------

[2024-03-14 20:16:59 #1 store] 
Database '/home/ubuntu/DAM2/AD/Trimestre2/Ejercicios/5_pinvasoras/pinvasoras/src/pinvasoras/encontradasezonas.odb' is opened by 252868@ubuntupc

[2024-03-14 20:16:59 #2 store] 
Configuration path: /home/ubuntu/DAM2/AD/Trimestre2/Drivers/objectdb-2.8.9/objectdb.conf

[2024-03-14 20:17:00 #3 type] 
Type pinvasoras.Zonas is not enhanced.

[2024-03-14 20:17:00 #4 type] 
Type pinvasoras.Encontradas is not enhanced.

[2024-03-14 20:17:00 #5 store] 
Database '/home/ubuntu/DAM2/AD/Trimestre2/Ejercicios/5_pinvasoras/pinvasoras/src/pinvasoras/encontradasezonas.odb' is closed by 252868@ubuntupc

------------------------------------------------------------------------------------------------------------------------

[2024-03-14 20:17:11 #1 store] 
Database '/home/ubuntu/DAM2/AD/Trimestre2/Ejercicios/5_pinvasoras/pinvasoras/src/pinvasoras/encontradasezonas.odb' is opened by 252898@ubuntupc

[2024-03-14 20:17:11 #2 store] 
Configuration path: /home/ubuntu/DAM2/AD/Trimestre2/Drivers/objectdb-2.8.9/objectdb.conf

[2024-03-14 20:18:14 #3 store] 
Database '/home/ubuntu/DAM2/AD/Trimestre2/Ejercicios/5_pinvasoras/pinvasoras/src/pinvasoras/encontradasezonas.odb' is closed by 252898@ubuntupc

------------------------------------------------------------------------------------------------------------------------

[2024-03-14 20:18:18 #1 store] 
Database '/home/ubuntu/DAM2/AD/Trimestre2/Ejercicios/5_pinvasoras/pinvasoras/src/pinvasoras/encontradasezonas.odb' is opened by 252992@ubuntupc

[2024-03-14 20:18:18 #2 store] 
Configuration path: /home/ubuntu/DAM2/AD/Trimestre2/Drivers/objectdb-2.8.9/objectdb.conf

[2024-03-14 20:18:18 #3 type] 
Type pinvasoras.Zonas is not enhanced.

[2024-03-14 20:18:18 #4 type] 
Type pinvasoras.Encontradas is not enhanced.

[2024-03-14 20:18:18 #5 store] 
Database '/home/ubuntu/DAM2/AD/Trimestre2/Ejercicios/5_pinvasoras/pinvasoras/src/pinvasoras/encontradasezonas.odb' is closed by 252992@ubuntupc

------------------------------------------------------------------------------------------------------------------------

[2024-03-14 20:18:26 #1 store] 
Database '/home/ubuntu/DAM2/AD/Trimestre2/Ejercicios/5_pinvasoras/pinvasoras/src/pinvasoras/encontradasezonas.odb' is opened by 253022@ubuntupc

[2024-03-14 20:18:26 #2 store] 
Configuration path: /home/ubuntu/DAM2/AD/Trimestre2/Drivers/objectdb-2.8.9/objectdb.conf

[2024-03-14 20:19:09 #3 *] 
[ObjectDB 2.8.9] java.lang.IllegalArgumentException
Attempt to modify a primary key of a managed object [Zonas:8]: pinvasoras.Zonas#8 (error 635)
	at java.desktop/javax.swing.tree.DefaultTreeCellEditor.stopCellEditing(DefaultTreeCellEditor.java:302)
	at java.desktop/javax.swing.plaf.basic.BasicTreeUI.stopEditing(BasicTreeUI.java:748)
	at java.desktop/javax.swing.plaf.basic.BasicTreeUI$Handler.mousePressed(BasicTreeUI.java:4026)
	at java.desktop/java.awt.AWTEventMulticaster.mousePressed(AWTEventMulticaster.java:287)
	at java.desktop/java.awt.AWTEventMulticaster.mousePressed(AWTEventMulticaster.java:287)
	at java.desktop/java.awt.Component.processMouseEvent(Component.java:6623)
	at java.desktop/javax.swing.JComponent.processMouseEvent(JComponent.java:3389)
	at java.desktop/java.awt.Component.processEvent(Component.java:6391)
	at java.desktop/java.awt.Container.processEvent(Container.java:2266)
	at java.desktop/java.awt.Component.dispatchEventImpl(Component.java:5001)
	at java.desktop/java.awt.Container.dispatchEventImpl(Container.java:2324)
	at java.desktop/java.awt.Component.dispatchEvent(Component.java:4833)
	at java.desktop/java.awt.LightweightDispatcher.retargetMouseEvent(Container.java:4948)
	at java.desktop/java.awt.LightweightDispatcher.processMouseEvent(Container.java:4572)
	at java.desktop/java.awt.LightweightDispatcher.dispatchEvent(Container.java:4516)
	at java.desktop/java.awt.Container.dispatchEventImpl(Container.java:2310)
	at java.desktop/java.awt.Window.dispatchEventImpl(Window.java:2780)
	at java.desktop/java.awt.Component.dispatchEvent(Component.java:4833)
	at java.desktop/java.awt.EventQueue.dispatchEventImpl(EventQueue.java:775)
	at java.desktop/java.awt.EventQueue$4.run(EventQueue.java:720)
	at java.desktop/java.awt.EventQueue$4.run(EventQueue.java:714)
	at java.base/java.security.AccessController.doPrivileged(AccessController.java:399)
	at java.base/java.security.ProtectionDomain$JavaSecurityAccessImpl.doIntersectionPrivilege(ProtectionDomain.java:86)
	at java.base/java.security.ProtectionDomain$JavaSecurityAccessImpl.doIntersectionPrivilege(ProtectionDomain.java:97)
	at java.desktop/java.awt.EventQueue$5.run(EventQueue.java:747)
	at java.desktop/java.awt.EventQueue$5.run(EventQueue.java:745)
	at java.base/java.security.AccessController.doPrivileged(AccessController.java:399)
	at java.base/java.security.ProtectionDomain$JavaSecurityAccessImpl.doIntersectionPrivilege(ProtectionDomain.java:86)
	at java.desktop/java.awt.EventQueue.dispatchEvent(EventQueue.java:744)
	at java.desktop/java.awt.EventDispatchThread.pumpOneEventForFilters(EventDispatchThread.java:203)
	at java.desktop/java.awt.EventDispatchThread.pumpEventsForFilter(EventDispatchThread.java:124)
	at java.desktop/java.awt.EventDispatchThread.pumpEventsForHierarchy(EventDispatchThread.java:113)
	at java.desktop/java.awt.EventDispatchThread.pumpEvents(EventDispatchThread.java:109)
	at java.desktop/java.awt.EventDispatchThread.pumpEvents(EventDispatchThread.java:101)
	at java.desktop/java.awt.EventDispatchThread.run(EventDispatchThread.java:90)

[2024-03-14 20:19:22 #4 store] 
Database '/home/ubuntu/DAM2/AD/Trimestre2/Ejercicios/5_pinvasoras/pinvasoras/src/pinvasoras/encontradasezonas.odb' is closed by 253022@ubuntupc

------------------------------------------------------------------------------------------------------------------------

[2024-03-14 20:19:26 #1 store] 
Database '/home/ubuntu/DAM2/AD/Trimestre2/Ejercicios/5_pinvasoras/pinvasoras/src/pinvasoras/encontradasezonas.odb' is opened by 253106@ubuntupc

[2024-03-14 20:19:26 #2 store] 
Configuration path: /home/ubuntu/DAM2/AD/Trimestre2/Drivers/objectdb-2.8.9/objectdb.conf

[2024-03-14 20:19:26 #3 type] 
Type pinvasoras.Zonas is not enhanced.

[2024-03-14 20:19:26 #4 type] 
Type pinvasoras.Encontradas is not enhanced.

[2024-03-14 20:19:26 #5 store] 
Database '/home/ubuntu/DAM2/AD/Trimestre2/Ejercicios/5_pinvasoras/pinvasoras/src/pinvasoras/encontradasezonas.odb' is closed by 253106@ubuntupc

------------------------------------------------------------------------------------------------------------------------

[2024-03-14 20:19:30 #1 store] 
Database '/home/ubuntu/DAM2/AD/Trimestre2/Ejercicios/5_pinvasoras/pinvasoras/src/pinvasoras/encontradasezonas.odb' is opened by 253134@ubuntupc

[2024-03-14 20:19:30 #2 store] 
Configuration path: /home/ubuntu/DAM2/AD/Trimestre2/Drivers/objectdb-2.8.9/objectdb.conf

[2024-03-14 20:20:39 #3 store] 
Database '/home/ubuntu/DAM2/AD/Trimestre2/Ejercicios/5_pinvasoras/pinvasoras/src/pinvasoras/encontradasezonas.odb' is closed by 253134@ubuntupc

------------------------------------------------------------------------------------------------------------------------

[2024-03-14 20:40:57 #1 store] 
Database '/home/ubuntu/DAM2/AD/Trimestre2/Ejercicios/5_pinvasoras/pinvasoras/src/pinvasoras/encontradasezonas.odb' is opened by 253877@ubuntupc

[2024-03-14 20:40:57 #2 store] 
Configuration path: /home/ubuntu/DAM2/AD/Trimestre2/Drivers/objectdb-2.8.9/objectdb.conf

[2024-03-14 20:40:57 #3 type] 
Type pinvasoras.Zonas is not enhanced.

[2024-03-14 20:40:57 #4 type] 
Type pinvasoras.Encontradas is not enhanced.

------------------------------------------------------------------------------------------------------------------------

[2024-03-14 20:42:29 #1 store] 
Database '/home/ubuntu/DAM2/AD/Trimestre2/Ejercicios/5_pinvasoras/pinvasoras/src/pinvasoras/encontradasezonas.odb' is opened by 253923@ubuntupc

[2024-03-14 20:42:29 #2 store] 
Configuration path: /home/ubuntu/DAM2/AD/Trimestre2/Drivers/objectdb-2.8.9/objectdb.conf

[2024-03-14 20:42:29 #3 type] 
Type pinvasoras.Zonas is not enhanced.

[2024-03-14 20:42:29 #4 type] 
Type pinvasoras.Encontradas is not enhanced.

------------------------------------------------------------------------------------------------------------------------

[2024-03-14 20:43:33 #1 store] 
Database '/home/ubuntu/DAM2/AD/Trimestre2/Ejercicios/5_pinvasoras/pinvasoras/src/pinvasoras/encontradasezonas.odb' is opened by 253978@ubuntupc

[2024-03-14 20:43:33 #2 store] 
Configuration path: /home/ubuntu/DAM2/AD/Trimestre2/Drivers/objectdb-2.8.9/objectdb.conf

[2024-03-14 20:43:33 #3 type] 
Type pinvasoras.Zonas is not enhanced.

[2024-03-14 20:43:33 #4 type] 
Type pinvasoras.Encontradas is not enhanced.

[2024-03-14 20:43:33 #5 store] 
Database '/home/ubuntu/DAM2/AD/Trimestre2/Ejercicios/5_pinvasoras/pinvasoras/src/pinvasoras/encontradasezonas.odb' is closed by 253978@ubuntupc

------------------------------------------------------------------------------------------------------------------------

[2024-03-14 20:54:25 #1 store] 
Database '/home/ubuntu/DAM2/AD/Trimestre2/Ejercicios/5_pinvasoras/pinvasoras/src/pinvasoras/encontradasezonas.odb' is opened by 254291@ubuntupc

[2024-03-14 20:54:25 #2 store] 
Configuration path: /home/ubuntu/DAM2/AD/Trimestre2/Drivers/objectdb-2.8.9/objectdb.conf

[2024-03-14 20:54:25 #3 type] 
Type pinvasoras.Zonas is not enhanced.

[2024-03-14 20:54:25 #4 type] 
Type pinvasoras.Encontradas is not enhanced.

[2024-03-14 20:54:25 #5 store] 
Database '/home/ubuntu/DAM2/AD/Trimestre2/Ejercicios/5_pinvasoras/pinvasoras/src/pinvasoras/encontradasezonas.odb' is closed by 254291@ubuntupc

------------------------------------------------------------------------------------------------------------------------

[2024-03-14 20:55:56 #1 store] 
Database '/home/ubuntu/DAM2/AD/Trimestre2/Ejercicios/5_pinvasoras/pinvasoras/src/pinvasoras/encontradasezonas.odb' is opened by 254439@ubuntupc

[2024-03-14 20:55:56 #2 store] 
Configuration path: /home/ubuntu/DAM2/AD/Trimestre2/Drivers/objectdb-2.8.9/objectdb.conf

[2024-03-14 20:55:56 #3 type] 
Type pinvasoras.Zonas is not enhanced.

[2024-03-14 20:55:56 #4 type] 
Type pinvasoras.Encontradas is not enhanced.

[2024-03-14 20:55:56 #5 store] 
Database '/home/ubuntu/DAM2/AD/Trimestre2/Ejercicios/5_pinvasoras/pinvasoras/src/pinvasoras/encontradasezonas.odb' is closed by 254439@ubuntupc

------------------------------------------------------------------------------------------------------------------------

[2024-03-14 20:56:49 #1 store] 
Database '/home/ubuntu/DAM2/AD/Trimestre2/Ejercicios/5_pinvasoras/pinvasoras/src/pinvasoras/encontradasezonas.odb' is opened by 254493@ubuntupc

[2024-03-14 20:56:49 #2 store] 
Configuration path: /home/ubuntu/DAM2/AD/Trimestre2/Drivers/objectdb-2.8.9/objectdb.conf

[2024-03-14 20:56:49 #3 type] 
Type pinvasoras.Zonas is not enhanced.

[2024-03-14 20:56:49 #4 type] 
Type pinvasoras.Encontradas is not enhanced.

[2024-03-14 20:56:49 #5 store] 
Database '/home/ubuntu/DAM2/AD/Trimestre2/Ejercicios/5_pinvasoras/pinvasoras/src/pinvasoras/encontradasezonas.odb' is closed by 254493@ubuntupc

------------------------------------------------------------------------------------------------------------------------

[2024-03-14 20:57:26 #1 store] 
Database '/home/ubuntu/DAM2/AD/Trimestre2/Ejercicios/5_pinvasoras/pinvasoras/src/pinvasoras/encontradasezonas.odb' is opened by 254540@ubuntupc

[2024-03-14 20:57:26 #2 store] 
Configuration path: /home/ubuntu/DAM2/AD/Trimestre2/Drivers/objectdb-2.8.9/objectdb.conf

[2024-03-14 20:57:26 #3 type] 
Type pinvasoras.Zonas is not enhanced.

[2024-03-14 20:57:26 #4 type] 
Type pinvasoras.Encontradas is not enhanced.

[2024-03-14 20:57:26 #5 store] 
Database '/home/ubuntu/DAM2/AD/Trimestre2/Ejercicios/5_pinvasoras/pinvasoras/src/pinvasoras/encontradasezonas.odb' is closed by 254540@ubuntupc

------------------------------------------------------------------------------------------------------------------------

[2024-03-14 20:58:35 #1 store] 
Database '/home/ubuntu/DAM2/AD/Trimestre2/Ejercicios/5_pinvasoras/pinvasoras/src/pinvasoras/encontradasezonas.odb' is opened by 254594@ubuntupc

[2024-03-14 20:58:35 #2 store] 
Configuration path: /home/ubuntu/DAM2/AD/Trimestre2/Drivers/objectdb-2.8.9/objectdb.conf

[2024-03-14 20:58:35 #3 type] 
Type pinvasoras.Zonas is not enhanced.

[2024-03-14 20:58:35 #4 type] 
Type pinvasoras.Encontradas is not enhanced.

[2024-03-14 20:58:35 #5 store] 
Database '/home/ubuntu/DAM2/AD/Trimestre2/Ejercicios/5_pinvasoras/pinvasoras/src/pinvasoras/encontradasezonas.odb' is closed by 254594@ubuntupc

------------------------------------------------------------------------------------------------------------------------

[2024-03-14 21:16:18 #1 store] 
Database '/home/ubuntu/DAM2/AD/Trimestre2/Ejercicios/5_pinvasoras/pinvasoras/src/pinvasoras/encontradasezonas.odb' is opened by 255339@ubuntupc

[2024-03-14 21:16:18 #2 store] 
Configuration path: /home/ubuntu/DAM2/AD/Trimestre2/Drivers/objectdb-2.8.9/objectdb.conf

[2024-03-14 21:16:18 #3 type] 
Type pinvasoras.Zonas is not enhanced.

[2024-03-14 21:16:18 #4 type] 
Type pinvasoras.Encontradas is not enhanced.

------------------------------------------------------------------------------------------------------------------------

[2024-03-14 21:17:22 #1 store] 
Database '/home/ubuntu/DAM2/AD/Trimestre2/Ejercicios/5_pinvasoras/pinvasoras/src/pinvasoras/encontradasezonas.odb' is opened by 255393@ubuntupc

[2024-03-14 21:17:22 #2 store] 
Configuration path: /home/ubuntu/DAM2/AD/Trimestre2/Drivers/objectdb-2.8.9/objectdb.conf

[2024-03-14 21:17:22 #3 type] 
Type pinvasoras.Zonas is not enhanced.

[2024-03-14 21:17:22 #4 type] 
Type pinvasoras.Encontradas is not enhanced.

------------------------------------------------------------------------------------------------------------------------

[2024-03-14 21:18:39 #1 store] 
Database '/home/ubuntu/DAM2/AD/Trimestre2/Ejercicios/5_pinvasoras/pinvasoras/src/pinvasoras/encontradasezonas.odb' is opened by 255583@ubuntupc

[2024-03-14 21:18:39 #2 store] 
Configuration path: /home/ubuntu/DAM2/AD/Trimestre2/Drivers/objectdb-2.8.9/objectdb.conf

[2024-03-14 21:18:39 #3 type] 
Type pinvasoras.Zonas is not enhanced.

[2024-03-14 21:18:39 #4 type] 
Type pinvasoras.Encontradas is not enhanced.

------------------------------------------------------------------------------------------------------------------------

[2024-03-14 21:20:36 #1 store] 
Database '/home/ubuntu/DAM2/AD/Trimestre2/Ejercicios/5_pinvasoras/pinvasoras/src/pinvasoras/encontradasezonas.odb' is opened by 255660@ubuntupc

[2024-03-14 21:20:36 #2 store] 
Configuration path: /home/ubuntu/DAM2/AD/Trimestre2/Drivers/objectdb-2.8.9/objectdb.conf

[2024-03-14 21:20:36 #3 type] 
Type pinvasoras.Zonas is not enhanced.

[2024-03-14 21:20:36 #4 type] 
Type pinvasoras.Encontradas is not enhanced.

[2024-03-14 21:20:37 #5 store] 
Database '/home/ubuntu/DAM2/AD/Trimestre2/Ejercicios/5_pinvasoras/pinvasoras/src/pinvasoras/encontradasezonas.odb' is closed by 255660@ubuntupc

------------------------------------------------------------------------------------------------------------------------

[2024-03-14 21:22:25 #1 store] 
Database '/home/ubuntu/DAM2/AD/Trimestre2/Ejercicios/5_pinvasoras/pinvasoras/src/pinvasoras/encontradasezonas.odb' is opened by 255724@ubuntupc

[2024-03-14 21:22:25 #2 store] 
Configuration path: /home/ubuntu/DAM2/AD/Trimestre2/Drivers/objectdb-2.8.9/objectdb.conf

[2024-03-14 21:22:25 #3 type] 
Type pinvasoras.Zonas is not enhanced.

[2024-03-14 21:22:25 #4 type] 
Type pinvasoras.Encontradas is not enhanced.

[2024-03-14 21:22:25 #5 store] 
Database '/home/ubuntu/DAM2/AD/Trimestre2/Ejercicios/5_pinvasoras/pinvasoras/src/pinvasoras/encontradasezonas.odb' is closed by 255724@ubuntupc

------------------------------------------------------------------------------------------------------------------------

[2024-03-14 21:37:45 #1 store] 
Database '/home/ubuntu/DAM2/AD/Trimestre2/Ejercicios/5_pinvasoras/pinvasoras/src/pinvasoras/encontradasezonas.odb' is opened by 256005@ubuntupc

[2024-03-14 21:37:45 #2 store] 
Configuration path: /home/ubuntu/DAM2/AD/Trimestre2/Drivers/objectdb-2.8.9/objectdb.conf

[2024-03-14 21:37:45 #3 type] 
Type pinvasoras.Zonas is not enhanced.

[2024-03-14 21:37:45 #4 type] 
Type pinvasoras.Encontradas is not enhanced.

------------------------------------------------------------------------------------------------------------------------

[2024-03-14 21:43:10 #1 store] 
Database '/home/ubuntu/DAM2/AD/Trimestre2/Ejercicios/5_pinvasoras/pinvasoras/src/pinvasoras/encontradasezonas.odb' is opened by 256120@ubuntupc

[2024-03-14 21:43:10 #2 store] 
Configuration path: /home/ubuntu/DAM2/AD/Trimestre2/Drivers/objectdb-2.8.9/objectdb.conf

[2024-03-14 21:43:10 #3 type] 
Type pinvasoras.Zonas is not enhanced.

[2024-03-14 21:43:10 #4 type] 
Type pinvasoras.Encontradas is not enhanced.

------------------------------------------------------------------------------------------------------------------------

[2024-03-14 21:46:35 #1 store] 
Database '/home/ubuntu/DAM2/AD/Trimestre2/Ejercicios/5_pinvasoras/pinvasoras/src/pinvasoras/encontradasezonas.odb' is opened by 256346@ubuntupc

[2024-03-14 21:46:35 #2 store] 
Configuration path: /home/ubuntu/DAM2/AD/Trimestre2/Drivers/objectdb-2.8.9/objectdb.conf

[2024-03-14 21:46:35 #3 type] 
Type pinvasoras.Zonas is not enhanced.

[2024-03-14 21:46:35 #4 type] 
Type pinvasoras.Encontradas is not enhanced.

------------------------------------------------------------------------------------------------------------------------

[2024-03-14 21:48:19 #1 store] 
Database '/home/ubuntu/DAM2/AD/Trimestre2/Ejercicios/5_pinvasoras/pinvasoras/src/pinvasoras/encontradasezonas.odb' is opened by 256411@ubuntupc

[2024-03-14 21:48:19 #2 store] 
Configuration path: /home/ubuntu/DAM2/AD/Trimestre2/Drivers/objectdb-2.8.9/objectdb.conf

[2024-03-14 21:48:19 #3 type] 
Type pinvasoras.Zonas is not enhanced.

[2024-03-14 21:48:19 #4 type] 
Type pinvasoras.Encontradas is not enhanced.

------------------------------------------------------------------------------------------------------------------------

[2024-03-14 21:50:29 #1 store] 
Database '/home/ubuntu/DAM2/AD/Trimestre2/Ejercicios/5_pinvasoras/pinvasoras/src/pinvasoras/encontradasezonas.odb' is opened by 256503@ubuntupc

[2024-03-14 21:50:29 #2 store] 
Configuration path: /home/ubuntu/DAM2/AD/Trimestre2/Drivers/objectdb-2.8.9/objectdb.conf

[2024-03-14 21:50:29 #3 type] 
Type pinvasoras.Zonas is not enhanced.

[2024-03-14 21:50:29 #4 type] 
Type pinvasoras.Encontradas is not enhanced.

------------------------------------------------------------------------------------------------------------------------

[2024-03-14 21:52:11 #1 store] 
Database '/home/ubuntu/DAM2/AD/Trimestre2/Ejercicios/5_pinvasoras/pinvasoras/src/pinvasoras/encontradasezonas.odb' is opened by 256571@ubuntupc

[2024-03-14 21:52:11 #2 store] 
Configuration path: /home/ubuntu/DAM2/AD/Trimestre2/Drivers/objectdb-2.8.9/objectdb.conf

[2024-03-14 21:52:11 #3 type] 
Type pinvasoras.Zonas is not enhanced.

[2024-03-14 21:52:11 #4 type] 
Type pinvasoras.Encontradas is not enhanced.

------------------------------------------------------------------------------------------------------------------------

[2024-03-14 21:53:34 #1 store] 
Database '/home/ubuntu/DAM2/AD/Trimestre2/Ejercicios/5_pinvasoras/pinvasoras/src/pinvasoras/encontradasezonas.odb' is opened by 256636@ubuntupc

[2024-03-14 21:53:34 #2 store] 
Configuration path: /home/ubuntu/DAM2/AD/Trimestre2/Drivers/objectdb-2.8.9/objectdb.conf

[2024-03-14 21:53:34 #3 type] 
Type pinvasoras.Zonas is not enhanced.

[2024-03-14 21:53:34 #4 type] 
Type pinvasoras.Encontradas is not enhanced.

[2024-03-14 21:53:34 #5 store] 
Database '/home/ubuntu/DAM2/AD/Trimestre2/Ejercicios/5_pinvasoras/pinvasoras/src/pinvasoras/encontradasezonas.odb' is closed by 256636@ubuntupc

------------------------------------------------------------------------------------------------------------------------

[2024-03-14 21:59:28 #1 store] 
Database '/home/ubuntu/DAM2/AD/Trimestre2/Ejercicios/5_pinvasoras/pinvasoras/src/pinvasoras/encontradasezonas.odb' is opened by 256803@ubuntupc

[2024-03-14 21:59:28 #2 store] 
Configuration path: /home/ubuntu/DAM2/AD/Trimestre2/Drivers/objectdb-2.8.9/objectdb.conf

[2024-03-14 21:59:28 #3 type] 
Type pinvasoras.Zonas is not enhanced.

[2024-03-14 21:59:28 #4 type] 
Type pinvasoras.Encontradas is not enhanced.

[2024-03-14 21:59:29 #5 store] 
Database '/home/ubuntu/DAM2/AD/Trimestre2/Ejercicios/5_pinvasoras/pinvasoras/src/pinvasoras/encontradasezonas.odb' is closed by 256803@ubuntupc

------------------------------------------------------------------------------------------------------------------------

[2024-03-14 22:00:52 #1 store] 
Database '/home/ubuntu/DAM2/AD/Trimestre2/Ejercicios/5_pinvasoras/pinvasoras/src/pinvasoras/encontradasezonas.odb' is opened by 256919@ubuntupc

[2024-03-14 22:00:52 #2 store] 
Configuration path: /home/ubuntu/DAM2/AD/Trimestre2/Drivers/objectdb-2.8.9/objectdb.conf

[2024-03-14 22:00:52 #3 type] 
Type pinvasoras.Zonas is not enhanced.

[2024-03-14 22:00:52 #4 type] 
Type pinvasoras.Encontradas is not enhanced.

[2024-03-14 22:00:53 #5 store] 
Database '/home/ubuntu/DAM2/AD/Trimestre2/Ejercicios/5_pinvasoras/pinvasoras/src/pinvasoras/encontradasezonas.odb' is closed by 256919@ubuntupc

